{"/home/travis/build/npmtest/node-npmtest-electron-packager/test.js":{"path":"/home/travis/build/npmtest/node-npmtest-electron-packager/test.js","s":{"1":2,"2":2,"3":2,"4":2,"5":2,"6":2,"7":2,"8":1,"9":2,"10":2,"11":1,"12":1,"13":1,"14":1,"15":2,"16":2,"17":2,"18":2,"19":1,"20":1,"21":2,"22":2,"23":2,"24":1,"25":1,"26":1,"27":1,"28":1,"29":1,"30":1,"31":1,"32":1,"33":1,"34":1,"35":1,"36":2,"37":2,"38":1,"39":2,"40":2,"41":1,"42":2,"43":2,"44":1,"45":1,"46":1,"47":1,"48":1},"b":{"1":[2,1,1,1],"2":[1,1,1,1],"3":[1,1],"4":[1,1],"5":[1,1],"6":[1,1],"7":[1,1],"8":[1,1],"9":[1,1,1],"10":[1,1],"11":[1,1],"12":[1,1],"13":[1,1],"14":[1,1],"15":[1,1]},"f":{"1":2,"2":2,"3":2,"4":2,"5":2,"6":1,"7":1,"8":2,"9":2,"10":2,"11":1},"fnMap":{"1":{"name":"(anonymous_1)","line":12,"loc":{"start":{"line":12,"column":1},"end":{"line":12,"column":13}}},"2":{"name":"(anonymous_2)","line":19,"loc":{"start":{"line":19,"column":5},"end":{"line":19,"column":17}}},"3":{"name":"(anonymous_3)","line":23,"loc":{"start":{"line":23,"column":24},"end":{"line":23,"column":36}}},"4":{"name":"(anonymous_4)","line":61,"loc":{"start":{"line":61,"column":5},"end":{"line":61,"column":17}}},"5":{"name":"(anonymous_5)","line":82,"loc":{"start":{"line":82,"column":5},"end":{"line":82,"column":17}}},"6":{"name":"(anonymous_6)","line":102,"loc":{"start":{"line":102,"column":83},"end":{"line":105,"column":10}},"skip":true},"7":{"name":"(anonymous_7)","line":113,"loc":{"start":{"line":113,"column":77},"end":{"line":116,"column":10}},"skip":true},"8":{"name":"(anonymous_8)","line":127,"loc":{"start":{"line":127,"column":77},"end":{"line":130,"column":10}},"skip":true},"9":{"name":"(anonymous_9)","line":138,"loc":{"start":{"line":138,"column":83},"end":{"line":141,"column":10}},"skip":true},"10":{"name":"(anonymous_10)","line":149,"loc":{"start":{"line":149,"column":79},"end":{"line":152,"column":10}},"skip":true},"11":{"name":"(anonymous_11)","line":160,"loc":{"start":{"line":160,"column":75},"end":{"line":163,"column":10}},"skip":true}},"statementMap":{"1":{"start":{"line":12,"column":0},"end":{"line":175,"column":5}},"2":{"start":{"line":14,"column":4},"end":{"line":14,"column":14}},"3":{"start":{"line":19,"column":4},"end":{"line":56,"column":9}},"4":{"start":{"line":21,"column":8},"end":{"line":21,"column":19}},"5":{"start":{"line":23,"column":8},"end":{"line":35,"column":13}},"6":{"start":{"line":24,"column":12},"end":{"line":34,"column":13}},"7":{"start":{"line":25,"column":16},"end":{"line":28,"column":30}},"8":{"start":{"line":30,"column":16},"end":{"line":33,"column":27}},"9":{"start":{"line":37,"column":8},"end":{"line":39,"column":21}},"10":{"start":{"line":40,"column":8},"end":{"line":53,"column":9}},"11":{"start":{"line":43,"column":12},"end":{"line":46,"column":14}},"12":{"start":{"line":47,"column":12},"end":{"line":47,"column":18}},"13":{"start":{"line":50,"column":12},"end":{"line":51,"column":46}},"14":{"start":{"line":52,"column":12},"end":{"line":52,"column":18}},"15":{"start":{"line":55,"column":8},"end":{"line":55,"column":35}},"16":{"start":{"line":61,"column":4},"end":{"line":63,"column":9}},"17":{"start":{"line":62,"column":8},"end":{"line":62,"column":15}},"18":{"start":{"line":64,"column":4},"end":{"line":77,"column":5}},"19":{"start":{"line":70,"column":8},"end":{"line":70,"column":14}},"20":{"start":{"line":76,"column":8},"end":{"line":76,"column":14}},"21":{"start":{"line":82,"column":4},"end":{"line":84,"column":9}},"22":{"start":{"line":83,"column":8},"end":{"line":83,"column":15}},"23":{"start":{"line":85,"column":4},"end":{"line":174,"column":5}},"24":{"start":{"line":92,"column":8},"end":{"line":94,"column":63}},"25":{"start":{"line":95,"column":8},"end":{"line":95,"column":14}},"26":{"start":{"line":102,"column":8},"end":{"line":111,"column":10},"skip":true},"27":{"start":{"line":109,"column":12},"end":{"line":109,"column":55},"skip":true},"28":{"start":{"line":110,"column":12},"end":{"line":110,"column":48},"skip":true},"29":{"start":{"line":113,"column":8},"end":{"line":125,"column":10},"skip":true},"30":{"start":{"line":120,"column":12},"end":{"line":120,"column":76},"skip":true},"31":{"start":{"line":121,"column":12},"end":{"line":121,"column":73},"skip":true},"32":{"start":{"line":122,"column":12},"end":{"line":122,"column":74},"skip":true},"33":{"start":{"line":123,"column":12},"end":{"line":123,"column":25},"skip":true},"34":{"start":{"line":124,"column":12},"end":{"line":124,"column":45},"skip":true},"35":{"start":{"line":127,"column":8},"end":{"line":136,"column":10},"skip":true},"36":{"start":{"line":134,"column":12},"end":{"line":134,"column":25},"skip":true},"37":{"start":{"line":135,"column":12},"end":{"line":135,"column":45},"skip":true},"38":{"start":{"line":138,"column":8},"end":{"line":147,"column":10},"skip":true},"39":{"start":{"line":145,"column":12},"end":{"line":145,"column":25},"skip":true},"40":{"start":{"line":146,"column":12},"end":{"line":146,"column":48},"skip":true},"41":{"start":{"line":149,"column":8},"end":{"line":158,"column":10},"skip":true},"42":{"start":{"line":156,"column":12},"end":{"line":156,"column":25},"skip":true},"43":{"start":{"line":157,"column":12},"end":{"line":157,"column":46},"skip":true},"44":{"start":{"line":160,"column":8},"end":{"line":169,"column":10},"skip":true},"45":{"start":{"line":167,"column":12},"end":{"line":167,"column":94},"skip":true},"46":{"start":{"line":168,"column":12},"end":{"line":168,"column":48},"skip":true},"47":{"start":{"line":172,"column":8},"end":{"line":172,"column":35},"skip":true},"48":{"start":{"line":173,"column":8},"end":{"line":173,"column":14},"skip":true}},"branchMap":{"1":{"line":25,"type":"binary-expr","locations":[{"start":{"line":25,"column":23},"end":{"line":25,"column":62}},{"start":{"line":26,"column":20},"end":{"line":26,"column":70}},{"start":{"line":27,"column":20},"end":{"line":27,"column":71}},{"start":{"line":28,"column":20},"end":{"line":28,"column":29}}]},"2":{"line":30,"type":"binary-expr","locations":[{"start":{"line":30,"column":23},"end":{"line":30,"column":37}},{"start":{"line":31,"column":20},"end":{"line":31,"column":61}},{"start":{"line":32,"column":20},"end":{"line":32,"column":70}},{"start":{"line":33,"column":20},"end":{"line":33,"column":26}}]},"3":{"line":37,"type":"cond-expr","locations":[{"start":{"line":38,"column":14},"end":{"line":38,"column":20}},{"start":{"line":39,"column":14},"end":{"line":39,"column":20}}]},"4":{"line":40,"type":"switch","locations":[{"start":{"line":42,"column":8},"end":{"line":47,"column":18}},{"start":{"line":49,"column":8},"end":{"line":52,"column":18}}]},"5":{"line":44,"type":"binary-expr","locations":[{"start":{"line":44,"column":16},"end":{"line":44,"column":44}},{"start":{"line":44,"column":48},"end":{"line":44,"column":66}}]},"6":{"line":50,"type":"binary-expr","locations":[{"start":{"line":50,"column":21},"end":{"line":50,"column":49}},{"start":{"line":50,"column":53},"end":{"line":50,"column":72}}]},"7":{"line":64,"type":"switch","locations":[{"start":{"line":69,"column":4},"end":{"line":70,"column":14}},{"start":{"line":75,"column":4},"end":{"line":76,"column":14}}]},"8":{"line":85,"type":"switch","locations":[{"start":{"line":90,"column":4},"end":{"line":95,"column":14}},{"start":{"line":101,"column":4},"end":{"line":173,"column":14},"skip":true}]},"9":{"line":92,"type":"binary-expr","locations":[{"start":{"line":92,"column":18},"end":{"line":92,"column":32}},{"start":{"line":93,"column":12},"end":{"line":93,"column":53}},{"start":{"line":94,"column":12},"end":{"line":94,"column":61}}]},"10":{"line":102,"type":"binary-expr","locations":[{"start":{"line":102,"column":45},"end":{"line":102,"column":79},"skip":true},{"start":{"line":102,"column":83},"end":{"line":111,"column":9},"skip":true}]},"11":{"line":113,"type":"binary-expr","locations":[{"start":{"line":113,"column":42},"end":{"line":113,"column":73},"skip":true},{"start":{"line":113,"column":77},"end":{"line":125,"column":9},"skip":true}]},"12":{"line":127,"type":"binary-expr","locations":[{"start":{"line":127,"column":42},"end":{"line":127,"column":73},"skip":true},{"start":{"line":127,"column":77},"end":{"line":136,"column":9},"skip":true}]},"13":{"line":138,"type":"binary-expr","locations":[{"start":{"line":138,"column":45},"end":{"line":138,"column":79},"skip":true},{"start":{"line":138,"column":83},"end":{"line":147,"column":9},"skip":true}]},"14":{"line":149,"type":"binary-expr","locations":[{"start":{"line":149,"column":43},"end":{"line":149,"column":75},"skip":true},{"start":{"line":149,"column":79},"end":{"line":158,"column":9},"skip":true}]},"15":{"line":160,"type":"binary-expr","locations":[{"start":{"line":160,"column":41},"end":{"line":160,"column":71},"skip":true},{"start":{"line":160,"column":75},"end":{"line":169,"column":9},"skip":true}]}},"code":["/* istanbul instrument in package npmtest_electron_packager */","/*jslint","    bitwise: true,","    browser: true,","    maxerr: 8,","    maxlen: 96,","    node: true,","    nomen: true,","    regexp: true,","    stupid: true","*/","(function () {","    'use strict';","    var local;","","","","    // run shared js-env code - pre-init","    (function () {","        // init local","        local = {};","        // init modeJs","        local.modeJs = (function () {","            try {","                return typeof navigator.userAgent === 'string' &&","                    typeof document.querySelector('body') === 'object' &&","                    typeof XMLHttpRequest.prototype.open === 'function' &&","                    'browser';","            } catch (errorCaughtBrowser) {","                return module.exports &&","                    typeof process.versions.node === 'string' &&","                    typeof require('http').createServer === 'function' &&","                    'node';","            }","        }());","        // init global","        local.global = local.modeJs === 'browser'","            ? window","            : global;","        switch (local.modeJs) {","        // re-init local from window.local","        case 'browser':","            local = local.global.utility2.objectSetDefault(","                local.global.utility2_rollup || local.global.local,","                local.global.utility2","            );","            break;","        // re-init local from example.js","        case 'node':","            local = (local.global.utility2_rollup || require('utility2'))","                .requireExampleJsFromReadme();","            break;","        }","        // export local","        local.global.local = local;","    }());","","","","    // run shared js-env code - function","    (function () {","        return;","    }());","    switch (local.modeJs) {","","","","    // run browser js-env code - function","    case 'browser':","        break;","","","","    // run node js-env code - function","    case 'node':","        break;","    }","","","","    // run shared js-env code - post-init","    (function () {","        return;","    }());","    switch (local.modeJs) {","","","","    // run browser js-env code - post-init","    case 'browser':","        // run tests","        local.nop(local.modeTest &&","            document.querySelector('#testRunButton1') &&","            document.querySelector('#testRunButton1').click());","        break;","","","","    // run node js-env code - post-init","    /* istanbul ignore next */","    case 'node':","        local.testCase_buildApidoc_default = local.testCase_buildApidoc_default || function (","            options,","            onError","        ) {","        /*","         * this function will test buildApidoc's default handling-behavior-behavior","         */","            options = { modulePathList: module.paths };","            local.buildApidoc(options, onError);","        };","","        local.testCase_buildApp_default = local.testCase_buildApp_default || function (","            options,","            onError","        ) {","        /*","         * this function will test buildApp's default handling-behavior-behavior","         */","            local.testCase_buildReadme_default(options, local.onErrorThrow);","            local.testCase_buildLib_default(options, local.onErrorThrow);","            local.testCase_buildTest_default(options, local.onErrorThrow);","            options = [];","            local.buildApp(options, onError);","        };","","        local.testCase_buildLib_default = local.testCase_buildLib_default || function (","            options,","            onError","        ) {","        /*","         * this function will test buildLib's default handling-behavior","         */","            options = {};","            local.buildLib(options, onError);","        };","","        local.testCase_buildReadme_default = local.testCase_buildReadme_default || function (","            options,","            onError","        ) {","        /*","         * this function will test buildReadme's default handling-behavior-behavior","         */","            options = {};","            local.buildReadme(options, onError);","        };","","        local.testCase_buildTest_default = local.testCase_buildTest_default || function (","            options,","            onError","        ) {","        /*","         * this function will test buildTest's default handling-behavior","         */","            options = {};","            local.buildTest(options, onError);","        };","","        local.testCase_webpage_default = local.testCase_webpage_default || function (","            options,","            onError","        ) {","        /*","         * this function will test webpage's default handling-behavior","         */","            options = { modeCoverageMerge: true, url: local.serverLocalHost + '?modeTest=1' };","            local.browserTest(options, onError);","        };","","        // run test-server","        local.testRunServer(local);","        break;","    }","}());",""],"l":{"12":2,"14":2,"19":2,"21":2,"23":2,"24":2,"25":2,"30":1,"37":2,"40":2,"43":1,"47":1,"50":1,"52":1,"55":2,"61":2,"62":2,"64":2,"70":1,"76":1,"82":2,"83":2,"85":2,"92":1,"95":1,"102":1,"109":1,"110":1,"113":1,"120":1,"121":1,"122":1,"123":1,"124":1,"127":1,"134":2,"135":2,"138":1,"145":2,"146":2,"149":1,"156":2,"157":2,"160":1,"167":1,"168":1,"172":1,"173":1}},"/home/travis/build/npmtest/node-npmtest-electron-packager/lib.npmtest_electron_packager.js":{"path":"/home/travis/build/npmtest/node-npmtest-electron-packager/lib.npmtest_electron_packager.js","s":{"1":2,"2":2,"3":2,"4":2,"5":2,"6":2,"7":2,"8":1,"9":2,"10":2,"11":2,"12":2,"13":1,"14":1,"15":1,"16":1},"b":{"1":[2,1,1,1],"2":[1,1,1,1],"3":[1,1],"4":[2,2],"5":[1,1]},"f":{"1":2,"2":2,"3":2},"fnMap":{"1":{"name":"(anonymous_1)","line":12,"loc":{"start":{"line":12,"column":1},"end":{"line":12,"column":13}}},"2":{"name":"(anonymous_2)","line":19,"loc":{"start":{"line":19,"column":5},"end":{"line":19,"column":17}}},"3":{"name":"(anonymous_3)","line":23,"loc":{"start":{"line":23,"column":24},"end":{"line":23,"column":36}}}},"statementMap":{"1":{"start":{"line":12,"column":0},"end":{"line":53,"column":5}},"2":{"start":{"line":14,"column":4},"end":{"line":14,"column":14}},"3":{"start":{"line":19,"column":4},"end":{"line":52,"column":9}},"4":{"start":{"line":21,"column":8},"end":{"line":21,"column":19}},"5":{"start":{"line":23,"column":8},"end":{"line":35,"column":13}},"6":{"start":{"line":24,"column":12},"end":{"line":34,"column":13}},"7":{"start":{"line":25,"column":16},"end":{"line":28,"column":30}},"8":{"start":{"line":30,"column":16},"end":{"line":33,"column":27}},"9":{"start":{"line":37,"column":8},"end":{"line":39,"column":21}},"10":{"start":{"line":41,"column":8},"end":{"line":41,"column":54}},"11":{"start":{"line":43,"column":8},"end":{"line":43,"column":62}},"12":{"start":{"line":45,"column":8},"end":{"line":51,"column":9}},"13":{"start":{"line":46,"column":12},"end":{"line":46,"column":68}},"14":{"start":{"line":48,"column":12},"end":{"line":48,"column":35}},"15":{"start":{"line":49,"column":12},"end":{"line":49,"column":49}},"16":{"start":{"line":50,"column":12},"end":{"line":50,"column":43}}},"branchMap":{"1":{"line":25,"type":"binary-expr","locations":[{"start":{"line":25,"column":23},"end":{"line":25,"column":62}},{"start":{"line":26,"column":20},"end":{"line":26,"column":70}},{"start":{"line":27,"column":20},"end":{"line":27,"column":71}},{"start":{"line":28,"column":20},"end":{"line":28,"column":29}}]},"2":{"line":30,"type":"binary-expr","locations":[{"start":{"line":30,"column":23},"end":{"line":30,"column":37}},{"start":{"line":31,"column":20},"end":{"line":31,"column":61}},{"start":{"line":32,"column":20},"end":{"line":32,"column":70}},{"start":{"line":33,"column":20},"end":{"line":33,"column":26}}]},"3":{"line":37,"type":"cond-expr","locations":[{"start":{"line":38,"column":14},"end":{"line":38,"column":20}},{"start":{"line":39,"column":14},"end":{"line":39,"column":20}}]},"4":{"line":41,"type":"binary-expr","locations":[{"start":{"line":41,"column":16},"end":{"line":41,"column":44}},{"start":{"line":41,"column":48},"end":{"line":41,"column":53}}]},"5":{"line":45,"type":"if","locations":[{"start":{"line":45,"column":8},"end":{"line":45,"column":8}},{"start":{"line":45,"column":8},"end":{"line":45,"column":8}}]}},"code":["/* istanbul instrument in package npmtest_electron_packager */","/*jslint","    bitwise: true,","    browser: true,","    maxerr: 8,","    maxlen: 96,","    node: true,","    nomen: true,","    regexp: true,","    stupid: true","*/","(function () {","    'use strict';","    var local;","","","","    // run shared js-env code - pre-init","    (function () {","        // init local","        local = {};","        // init modeJs","        local.modeJs = (function () {","            try {","                return typeof navigator.userAgent === 'string' &&","                    typeof document.querySelector('body') === 'object' &&","                    typeof XMLHttpRequest.prototype.open === 'function' &&","                    'browser';","            } catch (errorCaughtBrowser) {","                return module.exports &&","                    typeof process.versions.node === 'string' &&","                    typeof require('http').createServer === 'function' &&","                    'node';","            }","        }());","        // init global","        local.global = local.modeJs === 'browser'","            ? window","            : global;","        // init utility2_rollup","        local = local.global.utility2_rollup || local;","        // init lib","        local.local = local.npmtest_electron_packager = local;","        // init exports","        if (local.modeJs === 'browser') {","            local.global.utility2_npmtest_electron_packager = local;","        } else {","            module.exports = local;","            module.exports.__dirname = __dirname;","            module.exports.module = module;","        }","    }());","}());",""],"l":{"12":2,"14":2,"19":2,"21":2,"23":2,"24":2,"25":2,"30":1,"37":2,"41":2,"43":2,"45":2,"46":1,"48":1,"49":1,"50":1}},"/home/travis/build/npmtest/node-npmtest-electron-packager/example.js":{"path":"/home/travis/build/npmtest/node-npmtest-electron-packager/example.js","s":{"1":2,"2":2,"3":2,"4":2,"5":2,"6":2,"7":2,"8":1,"9":2,"10":2,"11":2,"12":2,"13":1,"14":2,"15":2,"16":2,"17":2,"18":2,"19":0,"20":2,"21":1,"22":1,"23":1,"24":1,"25":1,"26":0,"27":0,"28":1,"29":1,"30":2,"31":0,"32":0,"33":0,"34":1,"35":2,"36":2,"37":2,"38":2,"39":2,"40":2,"41":0,"42":2,"43":2,"44":2,"45":1,"46":3,"47":1,"48":1,"49":1,"50":1,"51":1,"52":1,"53":1,"54":1,"55":1,"56":1,"57":0,"58":1,"59":6,"60":6,"61":1,"62":2,"63":0,"64":2,"65":1,"66":1,"67":0,"68":0,"69":0,"70":0,"71":0,"72":0,"73":0,"74":0,"75":0,"76":0,"77":0,"78":0,"79":0,"80":0,"81":0,"82":0,"83":0},"b":{"1":[2,1,1,1],"2":[1,1,1,1],"3":[1,1],"4":[2,2],"5":[1,1],"6":[1,1],"7":[2,0],"8":[2,1,1,1,1,1],"9":[0,2,0],"10":[1,1],"11":[2,1,1],"12":[1,0],"13":[0,2],"14":[2,0,0,0,0,0,0],"15":[0,2],"16":[2,0],"17":[1,1],"18":[0,1],"19":[1,2,0,2],"20":[1,0],"21":[1,1],"22":[0,0],"23":[0,0],"24":[0,0],"25":[0,0],"26":[0,0],"27":[0,0],"28":[0,0]},"f":{"1":2,"2":2,"3":2,"4":2,"5":2,"6":2,"7":2,"8":2,"9":3,"10":1,"11":6,"12":0},"fnMap":{"1":{"name":"(anonymous_1)","line":26,"loc":{"start":{"line":26,"column":1},"end":{"line":26,"column":13}}},"2":{"name":"(anonymous_2)","line":33,"loc":{"start":{"line":33,"column":5},"end":{"line":33,"column":17}}},"3":{"name":"(anonymous_3)","line":37,"loc":{"start":{"line":37,"column":24},"end":{"line":37,"column":36}}},"4":{"name":"(anonymous_4)","line":69,"loc":{"start":{"line":69,"column":31},"end":{"line":69,"column":48}},"skip":true},"5":{"name":"(anonymous_5)","line":78,"loc":{"start":{"line":78,"column":26},"end":{"line":78,"column":45}},"skip":true},"6":{"name":"(anonymous_6)","line":123,"loc":{"start":{"line":123,"column":33},"end":{"line":123,"column":48}},"skip":true},"7":{"name":"(anonymous_7)","line":125,"loc":{"start":{"line":125,"column":27},"end":{"line":125,"column":39}},"skip":true},"8":{"name":"(anonymous_8)","line":133,"loc":{"start":{"line":133,"column":59},"end":{"line":133,"column":74}},"skip":true},"9":{"name":"(anonymous_9)","line":143,"loc":{"start":{"line":143,"column":45},"end":{"line":143,"column":62}},"skip":true},"10":{"name":"(anonymous_10)","line":144,"loc":{"start":{"line":144,"column":73},"end":{"line":144,"column":92}},"skip":true},"11":{"name":"(anonymous_11)","line":272,"loc":{"start":{"line":272,"column":51},"end":{"line":272,"column":77}},"skip":true},"12":{"name":"(anonymous_12)","line":314,"loc":{"start":{"line":314,"column":32},"end":{"line":314,"column":61}},"skip":true}},"statementMap":{"1":{"start":{"line":26,"column":0},"end":{"line":325,"column":5}},"2":{"start":{"line":28,"column":4},"end":{"line":28,"column":14}},"3":{"start":{"line":33,"column":4},"end":{"line":60,"column":9}},"4":{"start":{"line":35,"column":8},"end":{"line":35,"column":19}},"5":{"start":{"line":37,"column":8},"end":{"line":49,"column":13}},"6":{"start":{"line":38,"column":12},"end":{"line":48,"column":13}},"7":{"start":{"line":39,"column":16},"end":{"line":42,"column":30}},"8":{"start":{"line":44,"column":16},"end":{"line":47,"column":27}},"9":{"start":{"line":51,"column":8},"end":{"line":53,"column":21}},"10":{"start":{"line":55,"column":8},"end":{"line":57,"column":45}},"11":{"start":{"line":59,"column":8},"end":{"line":59,"column":35}},"12":{"start":{"line":61,"column":4},"end":{"line":324,"column":5}},"13":{"start":{"line":69,"column":8},"end":{"line":121,"column":10},"skip":true},"14":{"start":{"line":70,"column":12},"end":{"line":88,"column":13},"skip":true},"15":{"start":{"line":76,"column":16},"end":{"line":87,"column":19},"skip":true},"16":{"start":{"line":79,"column":20},"end":{"line":86,"column":21},"skip":true},"17":{"start":{"line":82,"column":24},"end":{"line":82,"column":43},"skip":true},"18":{"start":{"line":83,"column":24},"end":{"line":83,"column":30},"skip":true},"19":{"start":{"line":85,"column":24},"end":{"line":85,"column":49},"skip":true},"20":{"start":{"line":89,"column":12},"end":{"line":107,"column":13},"skip":true},"21":{"start":{"line":92,"column":16},"end":{"line":102,"column":17},"skip":true},"22":{"start":{"line":93,"column":20},"end":{"line":93,"column":86},"skip":true},"23":{"start":{"line":94,"column":20},"end":{"line":95,"column":45},"skip":true},"24":{"start":{"line":96,"column":20},"end":{"line":96,"column":42},"skip":true},"25":{"start":{"line":97,"column":20},"end":{"line":97,"column":48},"skip":true},"26":{"start":{"line":100,"column":20},"end":{"line":100,"column":85},"skip":true},"27":{"start":{"line":101,"column":20},"end":{"line":101,"column":96},"skip":true},"28":{"start":{"line":103,"column":16},"end":{"line":103,"column":22},"skip":true},"29":{"start":{"line":106,"column":16},"end":{"line":106,"column":22},"skip":true},"30":{"start":{"line":108,"column":12},"end":{"line":120,"column":13},"skip":true},"31":{"start":{"line":114,"column":16},"end":{"line":119,"column":17},"skip":true},"32":{"start":{"line":116,"column":20},"end":{"line":116,"column":78},"skip":true},"33":{"start":{"line":118,"column":20},"end":{"line":118,"column":53},"skip":true},"34":{"start":{"line":123,"column":8},"end":{"line":141,"column":11},"skip":true},"35":{"start":{"line":124,"column":12},"end":{"line":124,"column":54},"skip":true},"36":{"start":{"line":125,"column":12},"end":{"line":140,"column":14},"skip":true},"37":{"start":{"line":126,"column":16},"end":{"line":126,"column":28},"skip":true},"38":{"start":{"line":127,"column":16},"end":{"line":127,"column":69},"skip":true},"39":{"start":{"line":128,"column":16},"end":{"line":128,"column":75},"skip":true},"40":{"start":{"line":129,"column":16},"end":{"line":131,"column":17},"skip":true},"41":{"start":{"line":130,"column":20},"end":{"line":130,"column":27},"skip":true},"42":{"start":{"line":133,"column":16},"end":{"line":137,"column":36},"skip":true},"43":{"start":{"line":134,"column":20},"end":{"line":136,"column":55},"skip":true},"44":{"start":{"line":139,"column":16},"end":{"line":139,"column":57},"skip":true},"45":{"start":{"line":143,"column":8},"end":{"line":147,"column":11},"skip":true},"46":{"start":{"line":144,"column":12},"end":{"line":146,"column":15},"skip":true},"47":{"start":{"line":145,"column":16},"end":{"line":145,"column":70},"skip":true},"48":{"start":{"line":149,"column":8},"end":{"line":149,"column":31},"skip":true},"49":{"start":{"line":150,"column":8},"end":{"line":150,"column":14},"skip":true},"50":{"start":{"line":158,"column":8},"end":{"line":158,"column":31},"skip":true},"51":{"start":{"line":160,"column":8},"end":{"line":160,"column":33},"skip":true},"52":{"start":{"line":161,"column":8},"end":{"line":161,"column":37},"skip":true},"53":{"start":{"line":162,"column":8},"end":{"line":162,"column":35},"skip":true},"54":{"start":{"line":164,"column":8},"end":{"line":164,"column":50},"skip":true},"55":{"start":{"line":166,"column":8},"end":{"line":256,"column":2},"skip":true},"56":{"start":{"line":258,"column":8},"end":{"line":286,"column":9},"skip":true},"57":{"start":{"line":259,"column":12},"end":{"line":269,"column":14},"skip":true},"58":{"start":{"line":271,"column":12},"end":{"line":285,"column":19},"skip":true},"59":{"start":{"line":274,"column":20},"end":{"line":274,"column":35},"skip":true},"60":{"start":{"line":275,"column":20},"end":{"line":284,"column":21},"skip":true},"61":{"start":{"line":277,"column":24},"end":{"line":277,"column":64},"skip":true},"62":{"start":{"line":279,"column":24},"end":{"line":279,"column":40},"skip":true},"63":{"start":{"line":281,"column":24},"end":{"line":281,"column":40},"skip":true},"64":{"start":{"line":283,"column":24},"end":{"line":283,"column":39},"skip":true},"65":{"start":{"line":288,"column":8},"end":{"line":290,"column":9},"skip":true},"66":{"start":{"line":289,"column":12},"end":{"line":289,"column":18},"skip":true},"67":{"start":{"line":291,"column":8},"end":{"line":293,"column":54},"skip":true},"68":{"start":{"line":294,"column":8},"end":{"line":301,"column":37},"skip":true},"69":{"start":{"line":302,"column":8},"end":{"line":302,"column":82},"skip":true},"70":{"start":{"line":305,"column":8},"end":{"line":307,"column":9},"skip":true},"71":{"start":{"line":306,"column":12},"end":{"line":306,"column":82},"skip":true},"72":{"start":{"line":309,"column":8},"end":{"line":311,"column":9},"skip":true},"73":{"start":{"line":310,"column":12},"end":{"line":310,"column":18},"skip":true},"74":{"start":{"line":312,"column":8},"end":{"line":312,"column":54},"skip":true},"75":{"start":{"line":313,"column":8},"end":{"line":313,"column":69},"skip":true},"76":{"start":{"line":314,"column":8},"end":{"line":322,"column":36},"skip":true},"77":{"start":{"line":315,"column":12},"end":{"line":315,"column":61},"skip":true},"78":{"start":{"line":316,"column":12},"end":{"line":319,"column":13},"skip":true},"79":{"start":{"line":317,"column":16},"end":{"line":317,"column":75},"skip":true},"80":{"start":{"line":318,"column":16},"end":{"line":318,"column":23},"skip":true},"81":{"start":{"line":320,"column":12},"end":{"line":320,"column":38},"skip":true},"82":{"start":{"line":321,"column":12},"end":{"line":321,"column":27},"skip":true},"83":{"start":{"line":323,"column":8},"end":{"line":323,"column":14},"skip":true}},"branchMap":{"1":{"line":39,"type":"binary-expr","locations":[{"start":{"line":39,"column":23},"end":{"line":39,"column":62}},{"start":{"line":40,"column":20},"end":{"line":40,"column":70}},{"start":{"line":41,"column":20},"end":{"line":41,"column":71}},{"start":{"line":42,"column":20},"end":{"line":42,"column":29}}]},"2":{"line":44,"type":"binary-expr","locations":[{"start":{"line":44,"column":23},"end":{"line":44,"column":37}},{"start":{"line":45,"column":20},"end":{"line":45,"column":61}},{"start":{"line":46,"column":20},"end":{"line":46,"column":70}},{"start":{"line":47,"column":20},"end":{"line":47,"column":26}}]},"3":{"line":51,"type":"cond-expr","locations":[{"start":{"line":52,"column":14},"end":{"line":52,"column":20}},{"start":{"line":53,"column":14},"end":{"line":53,"column":20}}]},"4":{"line":55,"type":"binary-expr","locations":[{"start":{"line":55,"column":16},"end":{"line":55,"column":44}},{"start":{"line":55,"column":49},"end":{"line":57,"column":43}}]},"5":{"line":55,"type":"cond-expr","locations":[{"start":{"line":56,"column":14},"end":{"line":56,"column":61}},{"start":{"line":57,"column":14},"end":{"line":57,"column":43}}]},"6":{"line":61,"type":"switch","locations":[{"start":{"line":68,"column":4},"end":{"line":150,"column":14},"skip":true},{"start":{"line":156,"column":4},"end":{"line":323,"column":14},"skip":true}]},"7":{"line":70,"type":"if","locations":[{"start":{"line":70,"column":12},"end":{"line":70,"column":12},"skip":true},{"start":{"line":70,"column":12},"end":{"line":70,"column":12},"skip":true}]},"8":{"line":70,"type":"binary-expr","locations":[{"start":{"line":70,"column":16},"end":{"line":70,"column":22},"skip":true},{"start":{"line":70,"column":27},"end":{"line":70,"column":32},"skip":true},{"start":{"line":71,"column":20},"end":{"line":71,"column":39},"skip":true},{"start":{"line":72,"column":20},"end":{"line":72,"column":49},"skip":true},{"start":{"line":73,"column":20},"end":{"line":73,"column":58},"skip":true},{"start":{"line":74,"column":20},"end":{"line":74,"column":69},"skip":true}]},"9":{"line":79,"type":"switch","locations":[{"start":{"line":80,"column":20},"end":{"line":80,"column":33},"skip":true},{"start":{"line":81,"column":20},"end":{"line":83,"column":30},"skip":true},{"start":{"line":84,"column":20},"end":{"line":85,"column":49},"skip":true}]},"10":{"line":89,"type":"switch","locations":[{"start":{"line":90,"column":12},"end":{"line":103,"column":22},"skip":true},{"start":{"line":105,"column":12},"end":{"line":106,"column":22},"skip":true}]},"11":{"line":89,"type":"binary-expr","locations":[{"start":{"line":89,"column":20},"end":{"line":89,"column":25},"skip":true},{"start":{"line":89,"column":29},"end":{"line":89,"column":48},"skip":true},{"start":{"line":89,"column":52},"end":{"line":89,"column":74},"skip":true}]},"12":{"line":92,"type":"if","locations":[{"start":{"line":92,"column":16},"end":{"line":92,"column":16},"skip":true},{"start":{"line":92,"column":16},"end":{"line":92,"column":16},"skip":true}]},"13":{"line":108,"type":"if","locations":[{"start":{"line":108,"column":12},"end":{"line":108,"column":12},"skip":true},{"start":{"line":108,"column":12},"end":{"line":108,"column":12},"skip":true}]},"14":{"line":108,"type":"binary-expr","locations":[{"start":{"line":108,"column":16},"end":{"line":108,"column":61},"skip":true},{"start":{"line":108,"column":66},"end":{"line":108,"column":72},"skip":true},{"start":{"line":108,"column":77},"end":{"line":108,"column":82},"skip":true},{"start":{"line":109,"column":20},"end":{"line":109,"column":39},"skip":true},{"start":{"line":110,"column":20},"end":{"line":110,"column":49},"skip":true},{"start":{"line":111,"column":20},"end":{"line":111,"column":58},"skip":true},{"start":{"line":112,"column":20},"end":{"line":112,"column":68},"skip":true}]},"15":{"line":129,"type":"if","locations":[{"start":{"line":129,"column":16},"end":{"line":129,"column":16},"skip":true},{"start":{"line":129,"column":16},"end":{"line":129,"column":16},"skip":true}]},"16":{"line":134,"type":"cond-expr","locations":[{"start":{"line":135,"column":26},"end":{"line":135,"column":29},"skip":true},{"start":{"line":136,"column":26},"end":{"line":136,"column":54},"skip":true}]},"17":{"line":164,"type":"binary-expr","locations":[{"start":{"line":164,"column":27},"end":{"line":164,"column":43},"skip":true},{"start":{"line":164,"column":47},"end":{"line":164,"column":49},"skip":true}]},"18":{"line":258,"type":"if","locations":[{"start":{"line":258,"column":8},"end":{"line":258,"column":8},"skip":true},{"start":{"line":258,"column":8},"end":{"line":258,"column":8},"skip":true}]},"19":{"line":275,"type":"switch","locations":[{"start":{"line":276,"column":20},"end":{"line":277,"column":64},"skip":true},{"start":{"line":278,"column":20},"end":{"line":279,"column":40},"skip":true},{"start":{"line":280,"column":20},"end":{"line":281,"column":40},"skip":true},{"start":{"line":282,"column":20},"end":{"line":283,"column":39},"skip":true}]},"20":{"line":288,"type":"if","locations":[{"start":{"line":288,"column":8},"end":{"line":288,"column":8},"skip":true},{"start":{"line":288,"column":8},"end":{"line":288,"column":8},"skip":true}]},"21":{"line":288,"type":"binary-expr","locations":[{"start":{"line":288,"column":12},"end":{"line":288,"column":40},"skip":true},{"start":{"line":288,"column":44},"end":{"line":288,"column":67},"skip":true}]},"22":{"line":292,"type":"binary-expr","locations":[{"start":{"line":292,"column":12},"end":{"line":292,"column":50},"skip":true},{"start":{"line":293,"column":12},"end":{"line":293,"column":53},"skip":true}]},"23":{"line":295,"type":"binary-expr","locations":[{"start":{"line":295,"column":12},"end":{"line":295,"column":75},"skip":true},{"start":{"line":296,"column":12},"end":{"line":301,"column":36},"skip":true}]},"24":{"line":302,"type":"binary-expr","locations":[{"start":{"line":302,"column":43},"end":{"line":302,"column":75},"skip":true},{"start":{"line":302,"column":79},"end":{"line":302,"column":81},"skip":true}]},"25":{"line":305,"type":"if","locations":[{"start":{"line":305,"column":8},"end":{"line":305,"column":8},"skip":true},{"start":{"line":305,"column":8},"end":{"line":305,"column":8},"skip":true}]},"26":{"line":309,"type":"if","locations":[{"start":{"line":309,"column":8},"end":{"line":309,"column":8},"skip":true},{"start":{"line":309,"column":8},"end":{"line":309,"column":8},"skip":true}]},"27":{"line":312,"type":"binary-expr","locations":[{"start":{"line":312,"column":27},"end":{"line":312,"column":43},"skip":true},{"start":{"line":312,"column":47},"end":{"line":312,"column":53},"skip":true}]},"28":{"line":316,"type":"if","locations":[{"start":{"line":316,"column":12},"end":{"line":316,"column":12},"skip":true},{"start":{"line":316,"column":12},"end":{"line":316,"column":12},"skip":true}]}},"code":["/*","example.js","","quickstart example","","instruction","    1. save this script as example.js","    2. run the shell command:","        $ npm install npmtest-electron-packager && PORT=8081 node example.js","    3. play with the browser-demo on http://127.0.0.1:8081","*/","","","","/* istanbul instrument in package npmtest_electron_packager */","/*jslint","    bitwise: true,","    browser: true,","    maxerr: 8,","    maxlen: 96,","    node: true,","    nomen: true,","    regexp: true,","    stupid: true","*/","(function () {","    'use strict';","    var local;","","","","    // run shared js-env code - pre-init","    (function () {","        // init local","        local = {};","        // init modeJs","        local.modeJs = (function () {","            try {","                return typeof navigator.userAgent === 'string' &&","                    typeof document.querySelector('body') === 'object' &&","                    typeof XMLHttpRequest.prototype.open === 'function' &&","                    'browser';","            } catch (errorCaughtBrowser) {","                return module.exports &&","                    typeof process.versions.node === 'string' &&","                    typeof require('http').createServer === 'function' &&","                    'node';","            }","        }());","        // init global","        local.global = local.modeJs === 'browser'","            ? window","            : global;","        // init utility2_rollup","        local = local.global.utility2_rollup || (local.modeJs === 'browser'","            ? local.global.utility2_npmtest_electron_packager","            : global.utility2_moduleExports);","        // export local","        local.global.local = local;","    }());","    switch (local.modeJs) {","","","","    // post-init","    // run browser js-env code - post-init","    /* istanbul ignore next */","    case 'browser':","        local.testRunBrowser = function (event) {","            if (!event || (event &&","                    event.currentTarget &&","                    event.currentTarget.className &&","                    event.currentTarget.className.includes &&","                    event.currentTarget.className.includes('onreset'))) {","                // reset output","                Array.from(","                    document.querySelectorAll('body > .resettable')","                ).forEach(function (element) {","                    switch (element.tagName) {","                    case 'INPUT':","                    case 'TEXTAREA':","                        element.value = '';","                        break;","                    default:","                        element.textContent = '';","                    }","                });","            }","            switch (event && event.currentTarget && event.currentTarget.id) {","            case 'testRunButton1':","                // show tests","                if (document.querySelector('#testReportDiv1').style.display === 'none') {","                    document.querySelector('#testReportDiv1').style.display = 'block';","                    document.querySelector('#testRunButton1').textContent =","                        'hide internal test';","                    local.modeTest = true;","                    local.testRunDefault(local);","                // hide tests","                } else {","                    document.querySelector('#testReportDiv1').style.display = 'none';","                    document.querySelector('#testRunButton1').textContent = 'run internal test';","                }","                break;","            // custom-case","            default:","                break;","            }","            if (document.querySelector('#inputTextareaEval1') && (!event || (event &&","                    event.currentTarget &&","                    event.currentTarget.className &&","                    event.currentTarget.className.includes &&","                    event.currentTarget.className.includes('oneval')))) {","                // try to eval input-code","                try {","                    /*jslint evil: true*/","                    eval(document.querySelector('#inputTextareaEval1').value);","                } catch (errorCaught) {","                    console.error(errorCaught.stack);","                }","            }","        };","        // log stderr and stdout to #outputTextareaStdout1","        ['error', 'log'].forEach(function (key) {","            console[key + '_original'] = console[key];","            console[key] = function () {","                var element;","                console[key + '_original'].apply(console, arguments);","                element = document.querySelector('#outputTextareaStdout1');","                if (!element) {","                    return;","                }","                // append text to #outputTextareaStdout1","                element.value += Array.from(arguments).map(function (arg) {","                    return typeof arg === 'string'","                        ? arg","                        : JSON.stringify(arg, null, 4);","                }).join(' ') + '\\n';","                // scroll textarea to bottom","                element.scrollTop = element.scrollHeight;","            };","        });","        // init event-handling","        ['change', 'click', 'keyup'].forEach(function (event) {","            Array.from(document.querySelectorAll('.on' + event)).forEach(function (element) {","                element.addEventListener(event, local.testRunBrowser);","            });","        });","        // run tests","        local.testRunBrowser();","        break;","","","","    // run node js-env code - post-init","    /* istanbul ignore next */","    case 'node':","        // export local","        module.exports = local;","        // require modules","        local.fs = require('fs');","        local.http = require('http');","        local.url = require('url');","        // init assets","        local.assetsDict = local.assetsDict || {};","        /* jslint-ignore-begin */","        local.assetsDict['/assets.index.template.html'] = '\\","<!doctype html>\\n\\","<html lang=\"en\">\\n\\","<head>\\n\\","<meta charset=\"UTF-8\">\\n\\","<meta name=\"viewport\" content=\"width=device-width, initial-scale=1\">\\n\\","<title>{{env.npm_package_name}} (v{{env.npm_package_version}})</title>\\n\\","<style>\\n\\","/*csslint\\n\\","    box-sizing: false,\\n\\","    universal-selector: false\\n\\","*/\\n\\","* {\\n\\","    box-sizing: border-box;\\n\\","}\\n\\","body {\\n\\","    background: #dde;\\n\\","    font-family: Arial, Helvetica, sans-serif;\\n\\","    margin: 2rem;\\n\\","}\\n\\","body > * {\\n\\","    margin-bottom: 1rem;\\n\\","}\\n\\",".utility2FooterDiv {\\n\\","    margin-top: 20px;\\n\\","    text-align: center;\\n\\","}\\n\\","</style>\\n\\","<style>\\n\\","/*csslint\\n\\","*/\\n\\","textarea {\\n\\","    font-family: monospace;\\n\\","    height: 10rem;\\n\\","    width: 100%;\\n\\","}\\n\\","textarea[readonly] {\\n\\","    background: #ddd;\\n\\","}\\n\\","</style>\\n\\","</head>\\n\\","<body>\\n\\","<!-- utility2-comment\\n\\","<div id=\"ajaxProgressDiv1\" style=\"background: #d00; height: 2px; left: 0; margin: 0; padding: 0; position: fixed; top: 0; transition: background 0.5s, width 1.5s; width: 25%;\"></div>\\n\\","utility2-comment -->\\n\\","<h1>\\n\\","<!-- utility2-comment\\n\\","    <a\\n\\","        {{#if env.npm_package_homepage}}\\n\\","        href=\"{{env.npm_package_homepage}}\"\\n\\","        {{/if env.npm_package_homepage}}\\n\\","        target=\"_blank\"\\n\\","    >\\n\\","utility2-comment -->\\n\\","        {{env.npm_package_name}} (v{{env.npm_package_version}})\\n\\","<!-- utility2-comment\\n\\","    </a>\\n\\","utility2-comment -->\\n\\","</h1>\\n\\","<h3>{{env.npm_package_description}}</h3>\\n\\","<!-- utility2-comment\\n\\","<h4><a download href=\"assets.app.js\">download standalone app</a></h4>\\n\\","<button class=\"onclick onreset\" id=\"testRunButton1\">run internal test</button><br>\\n\\","<div id=\"testReportDiv1\" style=\"display: none;\"></div>\\n\\","utility2-comment -->\\n\\","\\n\\","\\n\\","\\n\\","<label>stderr and stdout</label>\\n\\","<textarea class=\"resettable\" id=\"outputTextareaStdout1\" readonly></textarea>\\n\\","<!-- utility2-comment\\n\\","{{#if isRollup}}\\n\\","<script src=\"assets.app.js\"></script>\\n\\","{{#unless isRollup}}\\n\\","utility2-comment -->\\n\\","<script src=\"assets.utility2.rollup.js\"></script>\\n\\","<script src=\"jsonp.utility2._stateInit?callback=window.utility2._stateInit\"></script>\\n\\","<script src=\"assets.npmtest_electron_packager.rollup.js\"></script>\\n\\","<script src=\"assets.example.js\"></script>\\n\\","<script src=\"assets.test.js\"></script>\\n\\","<!-- utility2-comment\\n\\","{{/if isRollup}}\\n\\","utility2-comment -->\\n\\","<div class=\"utility2FooterDiv\">\\n\\","    [ this app was created with\\n\\","    <a href=\"https://github.com/kaizhu256/node-utility2\" target=\"_blank\">utility2</a>\\n\\","    ]\\n\\","</div>\\n\\","</body>\\n\\","</html>\\n\\","';","        /* jslint-ignore-end */","        if (local.templateRender) {","            local.assetsDict['/'] = local.templateRender(","                local.assetsDict['/assets.index.template.html'],","                {","                    env: local.objectSetDefault(local.env, {","                        npm_package_description: 'the greatest app in the world!',","                        npm_package_name: 'my-app',","                        npm_package_nameAlias: 'my_app',","                        npm_package_version: '0.0.1'","                    })","                }","            );","        } else {","            local.assetsDict['/'] = local.assetsDict['/assets.index.template.html']","                .replace((/\\{\\{env\\.(\\w+?)\\}\\}/g), function (match0, match1) {","                    // jslint-hack","                    String(match0);","                    switch (match1) {","                    case 'npm_package_description':","                        return 'the greatest app in the world!';","                    case 'npm_package_name':","                        return 'my-app';","                    case 'npm_package_nameAlias':","                        return 'my_app';","                    case 'npm_package_version':","                        return '0.0.1';","                    }","                });","        }","        // run the cli","        if (local.global.utility2_rollup || module !== require.main) {","            break;","        }","        local.assetsDict['/assets.example.js'] =","            local.assetsDict['/assets.example.js'] ||","            local.fs.readFileSync(__filename, 'utf8');","        local.assetsDict['/assets.npmtest_electron_packager.rollup.js'] =","            local.assetsDict['/assets.npmtest_electron_packager.rollup.js'] ||","            local.fs.readFileSync(","                // buildCustomOrg-hack","                local.npmtest_electron_packager.__dirname +","                    '/lib.npmtest_electron_packager.js',","                'utf8'","            ).replace((/^#!/), '//');","        local.assetsDict['/favicon.ico'] = local.assetsDict['/favicon.ico'] || '';","        // if $npm_config_timeout_exit exists,","        // then exit this process after $npm_config_timeout_exit ms","        if (Number(process.env.npm_config_timeout_exit)) {","            setTimeout(process.exit, Number(process.env.npm_config_timeout_exit));","        }","        // start server","        if (local.global.utility2_serverHttp1) {","            break;","        }","        process.env.PORT = process.env.PORT || '8081';","        console.error('server starting on port ' + process.env.PORT);","        local.http.createServer(function (request, response) {","            request.urlParsed = local.url.parse(request.url);","            if (local.assetsDict[request.urlParsed.pathname] !== undefined) {","                response.end(local.assetsDict[request.urlParsed.pathname]);","                return;","            }","            response.statusCode = 404;","            response.end();","        }).listen(process.env.PORT);","        break;","    }","}());",""],"l":{"26":2,"28":2,"33":2,"35":2,"37":2,"38":2,"39":2,"44":1,"51":2,"55":2,"59":2,"61":2,"69":1,"70":2,"76":2,"79":2,"82":2,"83":2,"85":1,"89":2,"92":1,"93":1,"94":1,"96":1,"97":1,"100":1,"101":1,"103":1,"106":1,"108":2,"114":1,"116":1,"118":1,"123":1,"124":2,"125":2,"126":2,"127":2,"128":2,"129":2,"130":1,"133":2,"134":2,"139":2,"143":1,"144":3,"145":1,"149":1,"150":1,"158":1,"160":1,"161":1,"162":1,"164":1,"166":1,"258":1,"259":1,"271":1,"274":6,"275":6,"277":1,"279":2,"281":1,"283":2,"288":1,"289":1,"291":1,"294":1,"302":1,"305":1,"306":1,"309":1,"310":1,"312":1,"313":1,"314":1,"315":1,"316":1,"317":1,"318":1,"320":1,"321":1,"323":1}},"/home/travis/build/npmtest/node-npmtest-electron-packager/electron-packager/index.js":{"path":"/home/travis/build/npmtest/node-npmtest-electron-packager/electron-packager/index.js","s":{"1":1,"2":1,"3":1,"4":1,"5":1,"6":1,"7":1,"8":1,"9":1,"10":1,"11":1,"12":0,"13":0,"14":0,"15":1,"16":0,"17":1,"18":0,"19":0,"20":0,"21":0,"22":0,"23":0,"24":0,"25":0,"26":0,"27":0,"28":0,"29":0,"30":0,"31":0,"32":0,"33":0,"34":0,"35":0,"36":0,"37":0,"38":0,"39":0,"40":1,"41":0,"42":0,"43":0,"44":0,"45":0,"46":0,"47":0,"48":0,"49":0,"50":0,"51":0,"52":0,"53":0,"54":0,"55":0,"56":0,"57":0,"58":0,"59":0,"60":0,"61":0,"62":0,"63":0,"64":0,"65":0,"66":1,"67":0,"68":0,"69":0,"70":0,"71":0,"72":0,"73":0,"74":0,"75":0,"76":0,"77":0,"78":0,"79":0,"80":0,"81":0,"82":0,"83":1,"84":0,"85":0,"86":0,"87":0,"88":0,"89":0,"90":0,"91":0,"92":0,"93":0,"94":0,"95":0,"96":0,"97":0,"98":0,"99":0,"100":0,"101":0,"102":0,"103":0,"104":0,"105":0,"106":0,"107":0,"108":0,"109":0},"b":{"1":[0,0],"2":[0,0],"3":[0,0],"4":[0,0],"5":[0,0],"6":[0,0],"7":[0,0],"8":[0,0],"9":[0,0],"10":[0,0],"11":[0,0],"12":[0,0],"13":[0,0],"14":[0,0],"15":[0,0],"16":[0,0],"17":[0,0],"18":[0,0]},"f":{"1":0,"2":0,"3":0,"4":0,"5":0,"6":0,"7":0,"8":0,"9":0,"10":0,"11":0,"12":0,"13":0,"14":0,"15":0,"16":0,"17":0,"18":0,"19":0,"20":0,"21":0,"22":0},"fnMap":{"1":{"name":"debugHostInfo","line":14,"loc":{"start":{"line":14,"column":0},"end":{"line":14,"column":26}}},"2":{"name":"createSeries","line":20,"loc":{"start":{"line":20,"column":0},"end":{"line":20,"column":47}}},"3":{"name":"testSymlink","line":23,"loc":{"start":{"line":23,"column":2},"end":{"line":23,"column":28}}},"4":{"name":"(anonymous_4)","line":28,"loc":{"start":{"line":28,"column":6},"end":{"line":28,"column":20}}},"5":{"name":"(anonymous_5)","line":31,"loc":{"start":{"line":31,"column":6},"end":{"line":31,"column":20}}},"6":{"name":"(anonymous_6)","line":34,"loc":{"start":{"line":34,"column":7},"end":{"line":34,"column":22}}},"7":{"name":"(anonymous_7)","line":36,"loc":{"start":{"line":36,"column":26},"end":{"line":36,"column":38}}},"8":{"name":"(anonymous_8)","line":45,"loc":{"start":{"line":45,"column":15},"end":{"line":45,"column":29}}},"9":{"name":"createApp","line":58,"loc":{"start":{"line":58,"column":8},"end":{"line":58,"column":39}}},"10":{"name":"(anonymous_10)","line":68,"loc":{"start":{"line":68,"column":12},"end":{"line":68,"column":26}}},"11":{"name":"(anonymous_11)","line":72,"loc":{"start":{"line":72,"column":12},"end":{"line":72,"column":26}}},"12":{"name":"(anonymous_12)","line":76,"loc":{"start":{"line":76,"column":12},"end":{"line":76,"column":26}}},"13":{"name":"(anonymous_13)","line":80,"loc":{"start":{"line":80,"column":57},"end":{"line":80,"column":71}}},"14":{"name":"(anonymous_14)","line":86,"loc":{"start":{"line":86,"column":13},"end":{"line":86,"column":25}}},"15":{"name":"checkOverwrite","line":103,"loc":{"start":{"line":103,"column":8},"end":{"line":103,"column":35}}},"16":{"name":"(anonymous_16)","line":105,"loc":{"start":{"line":105,"column":31},"end":{"line":105,"column":49}}},"17":{"name":"(anonymous_17)","line":108,"loc":{"start":{"line":108,"column":37},"end":{"line":108,"column":49}}},"18":{"name":"(anonymous_18)","line":122,"loc":{"start":{"line":122,"column":22},"end":{"line":122,"column":40}}},"19":{"name":"packager","line":136,"loc":{"start":{"line":136,"column":17},"end":{"line":136,"column":46}}},"20":{"name":"(anonymous_20)","line":152,"loc":{"start":{"line":152,"column":91},"end":{"line":152,"column":106}}},"21":{"name":"(anonymous_21)","line":164,"loc":{"start":{"line":164,"column":49},"end":{"line":164,"column":74}}},"22":{"name":"(anonymous_22)","line":167,"loc":{"start":{"line":167,"column":31},"end":{"line":167,"column":50}}}},"statementMap":{"1":{"start":{"line":3,"column":0},"end":{"line":3,"column":34}},"2":{"start":{"line":4,"column":0},"end":{"line":4,"column":51}},"3":{"start":{"line":5,"column":0},"end":{"line":5,"column":38}},"4":{"start":{"line":6,"column":0},"end":{"line":6,"column":30}},"5":{"start":{"line":7,"column":0},"end":{"line":7,"column":53}},"6":{"start":{"line":8,"column":0},"end":{"line":8,"column":34}},"7":{"start":{"line":9,"column":0},"end":{"line":9,"column":42}},"8":{"start":{"line":10,"column":0},"end":{"line":10,"column":28}},"9":{"start":{"line":11,"column":0},"end":{"line":11,"column":36}},"10":{"start":{"line":12,"column":0},"end":{"line":12,"column":36}},"11":{"start":{"line":14,"column":0},"end":{"line":18,"column":1}},"12":{"start":{"line":15,"column":2},"end":{"line":15,"column":48}},"13":{"start":{"line":16,"column":2},"end":{"line":16,"column":34}},"14":{"start":{"line":17,"column":2},"end":{"line":17,"column":71}},"15":{"start":{"line":20,"column":0},"end":{"line":134,"column":1}},"16":{"start":{"line":21,"column":2},"end":{"line":21,"column":43}},"17":{"start":{"line":23,"column":2},"end":{"line":40,"column":3}},"18":{"start":{"line":24,"column":4},"end":{"line":24,"column":54}},"19":{"start":{"line":25,"column":4},"end":{"line":25,"column":46}},"20":{"start":{"line":26,"column":4},"end":{"line":26,"column":50}},"21":{"start":{"line":27,"column":4},"end":{"line":39,"column":6}},"22":{"start":{"line":29,"column":8},"end":{"line":29,"column":39}},"23":{"start":{"line":32,"column":8},"end":{"line":32,"column":42}},"24":{"start":{"line":35,"column":6},"end":{"line":35,"column":23}},"25":{"start":{"line":36,"column":6},"end":{"line":38,"column":8}},"26":{"start":{"line":37,"column":8},"end":{"line":37,"column":18}},"27":{"start":{"line":42,"column":2},"end":{"line":42,"column":16}},"28":{"start":{"line":43,"column":2},"end":{"line":43,"column":40}},"29":{"start":{"line":44,"column":2},"end":{"line":48,"column":3}},"30":{"start":{"line":45,"column":4},"end":{"line":47,"column":6}},"31":{"start":{"line":46,"column":6},"end":{"line":46,"column":29}},"32":{"start":{"line":49,"column":2},"end":{"line":133,"column":5}},"33":{"start":{"line":50,"column":4},"end":{"line":50,"column":31}},"34":{"start":{"line":51,"column":4},"end":{"line":51,"column":39}},"35":{"start":{"line":52,"column":4},"end":{"line":52,"column":37}},"36":{"start":{"line":54,"column":4},"end":{"line":132,"column":5}},"37":{"start":{"line":55,"column":6},"end":{"line":131,"column":8}},"38":{"start":{"line":56,"column":8},"end":{"line":56,"column":37}},"39":{"start":{"line":56,"column":17},"end":{"line":56,"column":37}},"40":{"start":{"line":58,"column":8},"end":{"line":89,"column":9}},"41":{"start":{"line":59,"column":10},"end":{"line":59,"column":28}},"42":{"start":{"line":60,"column":10},"end":{"line":64,"column":11}},"43":{"start":{"line":61,"column":12},"end":{"line":61,"column":37}},"44":{"start":{"line":63,"column":12},"end":{"line":63,"column":54}},"45":{"start":{"line":65,"column":10},"end":{"line":65,"column":82}},"46":{"start":{"line":66,"column":10},"end":{"line":66,"column":110}},"47":{"start":{"line":67,"column":10},"end":{"line":88,"column":12}},"48":{"start":{"line":69,"column":14},"end":{"line":69,"column":43}},"49":{"start":{"line":70,"column":14},"end":{"line":70,"column":37}},"50":{"start":{"line":73,"column":14},"end":{"line":73,"column":59}},"51":{"start":{"line":74,"column":14},"end":{"line":74,"column":51}},"52":{"start":{"line":77,"column":14},"end":{"line":84,"column":15}},"53":{"start":{"line":78,"column":16},"end":{"line":78,"column":20}},"54":{"start":{"line":80,"column":16},"end":{"line":82,"column":18}},"55":{"start":{"line":81,"column":18},"end":{"line":81,"column":73}},"56":{"start":{"line":83,"column":16},"end":{"line":83,"column":40}},"57":{"start":{"line":87,"column":12},"end":{"line":87,"column":98}},"58":{"start":{"line":92,"column":8},"end":{"line":92,"column":43}},"59":{"start":{"line":93,"column":8},"end":{"line":93,"column":29}},"60":{"start":{"line":94,"column":8},"end":{"line":94,"column":37}},"61":{"start":{"line":95,"column":8},"end":{"line":95,"column":35}},"62":{"start":{"line":96,"column":8},"end":{"line":96,"column":44}},"63":{"start":{"line":98,"column":8},"end":{"line":101,"column":9}},"64":{"start":{"line":99,"column":10},"end":{"line":99,"column":30}},"65":{"start":{"line":100,"column":10},"end":{"line":100,"column":16}},"66":{"start":{"line":103,"column":8},"end":{"line":119,"column":9}},"67":{"start":{"line":104,"column":10},"end":{"line":104,"column":61}},"68":{"start":{"line":105,"column":10},"end":{"line":118,"column":12}},"69":{"start":{"line":106,"column":12},"end":{"line":117,"column":13}},"70":{"start":{"line":107,"column":14},"end":{"line":114,"column":15}},"71":{"start":{"line":108,"column":16},"end":{"line":110,"column":18}},"72":{"start":{"line":109,"column":18},"end":{"line":109,"column":38}},"73":{"start":{"line":112,"column":16},"end":{"line":112,"column":125}},"74":{"start":{"line":113,"column":16},"end":{"line":113,"column":26}},"75":{"start":{"line":116,"column":14},"end":{"line":116,"column":34}},"76":{"start":{"line":121,"column":8},"end":{"line":130,"column":9}},"77":{"start":{"line":122,"column":10},"end":{"line":127,"column":12}},"78":{"start":{"line":123,"column":12},"end":{"line":123,"column":47}},"79":{"start":{"line":123,"column":24},"end":{"line":123,"column":47}},"80":{"start":{"line":125,"column":12},"end":{"line":125,"column":153}},"81":{"start":{"line":126,"column":12},"end":{"line":126,"column":22}},"82":{"start":{"line":129,"column":10},"end":{"line":129,"column":26}},"83":{"start":{"line":136,"column":0},"end":{"line":173,"column":1}},"84":{"start":{"line":137,"column":2},"end":{"line":137,"column":17}},"85":{"start":{"line":138,"column":2},"end":{"line":138,"column":71}},"86":{"start":{"line":138,"column":21},"end":{"line":138,"column":71}},"87":{"start":{"line":140,"column":2},"end":{"line":140,"column":83}},"88":{"start":{"line":141,"column":2},"end":{"line":141,"column":95}},"89":{"start":{"line":142,"column":2},"end":{"line":142,"column":45}},"90":{"start":{"line":142,"column":29},"end":{"line":142,"column":45}},"91":{"start":{"line":143,"column":2},"end":{"line":143,"column":53}},"92":{"start":{"line":143,"column":33},"end":{"line":143,"column":53}},"93":{"start":{"line":145,"column":2},"end":{"line":145,"column":52}},"94":{"start":{"line":146,"column":2},"end":{"line":146,"column":52}},"95":{"start":{"line":148,"column":2},"end":{"line":148,"column":84}},"96":{"start":{"line":150,"column":2},"end":{"line":150,"column":30}},"97":{"start":{"line":152,"column":2},"end":{"line":172,"column":4}},"98":{"start":{"line":153,"column":4},"end":{"line":153,"column":27}},"99":{"start":{"line":153,"column":13},"end":{"line":153,"column":27}},"100":{"start":{"line":155,"column":4},"end":{"line":157,"column":5}},"101":{"start":{"line":156,"column":6},"end":{"line":156,"column":99}},"102":{"start":{"line":159,"column":4},"end":{"line":159,"column":43}},"103":{"start":{"line":160,"column":4},"end":{"line":160,"column":61}},"104":{"start":{"line":162,"column":4},"end":{"line":162,"column":32}},"105":{"start":{"line":164,"column":4},"end":{"line":171,"column":6}},"106":{"start":{"line":165,"column":6},"end":{"line":165,"column":29}},"107":{"start":{"line":165,"column":15},"end":{"line":165,"column":29}},"108":{"start":{"line":167,"column":6},"end":{"line":170,"column":9}},"109":{"start":{"line":169,"column":8},"end":{"line":169,"column":22}}},"branchMap":{"1":{"line":44,"type":"if","locations":[{"start":{"line":44,"column":2},"end":{"line":44,"column":2}},{"start":{"line":44,"column":2},"end":{"line":44,"column":2}}]},"2":{"line":56,"type":"if","locations":[{"start":{"line":56,"column":8},"end":{"line":56,"column":8}},{"start":{"line":56,"column":8},"end":{"line":56,"column":8}}]},"3":{"line":60,"type":"if","locations":[{"start":{"line":60,"column":10},"end":{"line":60,"column":10}},{"start":{"line":60,"column":10},"end":{"line":60,"column":10}}]},"4":{"line":63,"type":"binary-expr","locations":[{"start":{"line":63,"column":29},"end":{"line":63,"column":37}},{"start":{"line":63,"column":41},"end":{"line":63,"column":54}}]},"5":{"line":77,"type":"if","locations":[{"start":{"line":77,"column":14},"end":{"line":77,"column":14}},{"start":{"line":77,"column":14},"end":{"line":77,"column":14}}]},"6":{"line":77,"type":"binary-expr","locations":[{"start":{"line":77,"column":18},"end":{"line":77,"column":36}},{"start":{"line":77,"column":40},"end":{"line":77,"column":73}}]},"7":{"line":98,"type":"if","locations":[{"start":{"line":98,"column":8},"end":{"line":98,"column":8}},{"start":{"line":98,"column":8},"end":{"line":98,"column":8}}]},"8":{"line":106,"type":"if","locations":[{"start":{"line":106,"column":12},"end":{"line":106,"column":12}},{"start":{"line":106,"column":12},"end":{"line":106,"column":12}}]},"9":{"line":107,"type":"if","locations":[{"start":{"line":107,"column":14},"end":{"line":107,"column":14}},{"start":{"line":107,"column":14},"end":{"line":107,"column":14}}]},"10":{"line":121,"type":"if","locations":[{"start":{"line":121,"column":8},"end":{"line":121,"column":8}},{"start":{"line":121,"column":8},"end":{"line":121,"column":8}}]},"11":{"line":123,"type":"if","locations":[{"start":{"line":123,"column":12},"end":{"line":123,"column":12}},{"start":{"line":123,"column":12},"end":{"line":123,"column":12}}]},"12":{"line":138,"type":"if","locations":[{"start":{"line":138,"column":2},"end":{"line":138,"column":2}},{"start":{"line":138,"column":2},"end":{"line":138,"column":2}}]},"13":{"line":142,"type":"if","locations":[{"start":{"line":142,"column":2},"end":{"line":142,"column":2}},{"start":{"line":142,"column":2},"end":{"line":142,"column":2}}]},"14":{"line":143,"type":"if","locations":[{"start":{"line":143,"column":2},"end":{"line":143,"column":2}},{"start":{"line":143,"column":2},"end":{"line":143,"column":2}}]},"15":{"line":152,"type":"binary-expr","locations":[{"start":{"line":152,"column":35},"end":{"line":152,"column":72}},{"start":{"line":152,"column":76},"end":{"line":152,"column":89}}]},"16":{"line":153,"type":"if","locations":[{"start":{"line":153,"column":4},"end":{"line":153,"column":4}},{"start":{"line":153,"column":4},"end":{"line":153,"column":4}}]},"17":{"line":155,"type":"if","locations":[{"start":{"line":155,"column":4},"end":{"line":155,"column":4}},{"start":{"line":155,"column":4},"end":{"line":155,"column":4}}]},"18":{"line":165,"type":"if","locations":[{"start":{"line":165,"column":6},"end":{"line":165,"column":6}},{"start":{"line":165,"column":6},"end":{"line":165,"column":6}}]}},"code":["'use strict'","","const common = require('./common')","const debug = require('debug')('electron-packager')","const extract = require('extract-zip')","const fs = require('fs-extra')","const getMetadataFromPackageJSON = require('./infer')","const ignore = require('./ignore')","const metadata = require('./package.json')","const path = require('path')","const series = require('run-series')","const targets = require('./targets')","","function debugHostInfo () {","  debug(`Electron Packager ${metadata.version}`)","  debug(`Node ${process.version}`)","  debug(`Host Operating system: ${process.platform} (${process.arch})`)","}","","function createSeries (opts, archs, platforms) {","  const tempBase = common.baseTempDir(opts)","","  function testSymlink (cb) {","    var testPath = path.join(tempBase, 'symlink-test')","    var testFile = path.join(testPath, 'test')","    var testLink = path.join(testPath, 'testlink')","    series([","      function (cb) {","        fs.outputFile(testFile, '', cb)","      },","      function (cb) {","        fs.symlink(testFile, testLink, cb)","      }","    ], function (err) {","      var result = !err","      fs.remove(testPath, function () {","        cb(result) // ignore errors on cleanup","      })","    })","  }","","  var tasks = []","  var useTempDir = opts.tmpdir !== false","  if (useTempDir) {","    tasks.push(function (cb) {","      fs.remove(tempBase, cb)","    })","  }","  return tasks.concat(common.createDownloadCombos(opts, platforms, archs).map(combination => {","    var arch = combination.arch","    var platform = combination.platform","    var version = combination.version","","    return (callback) => {","      common.downloadElectronZip(combination, (err, zipPath) => {","        if (err) return callback(err)","","        function createApp (comboOpts) {","          var buildParentDir","          if (useTempDir) {","            buildParentDir = tempBase","          } else {","            buildParentDir = opts.out || process.cwd()","          }","          var buildDir = path.join(buildParentDir, `${platform}-${arch}-template`)","          common.info(`Packaging app for platform ${platform} ${arch} using electron v${version}`, opts.quiet)","          series([","            function (cb) {","              debug(`Creating ${buildDir}`)","              fs.mkdirs(buildDir, cb)","            },","            function (cb) {","              debug(`Extracting ${zipPath} to ${buildDir}`)","              extract(zipPath, {dir: buildDir}, cb)","            },","            function (cb) {","              if (!opts.afterExtract || !Array.isArray(opts.afterExtract)) {","                cb()","              } else {","                var newFunctions = opts.afterExtract.map(function (fn) {","                  return fn.bind(this, buildDir, version, platform, arch)","                })","                series(newFunctions, cb)","              }","            }","          ], function () {","            require(targets.supportedPlatforms[platform]).createApp(comboOpts, buildDir, callback)","          })","        }","","        // Create delegated options object with specific platform and arch, for output directory naming","        var comboOpts = Object.create(opts)","        comboOpts.arch = arch","        comboOpts.platform = platform","        comboOpts.version = version","        comboOpts.afterCopy = opts.afterCopy","","        if (!useTempDir) {","          createApp(comboOpts)","          return","        }","","        function checkOverwrite () {","          var finalPath = common.generateFinalPath(comboOpts)","          fs.exists(finalPath, function (exists) {","            if (exists) {","              if (opts.overwrite) {","                fs.remove(finalPath, function () {","                  createApp(comboOpts)","                })","              } else {","                common.info(`Skipping ${platform} ${arch} (output dir already exists, use --overwrite to force)`, opts.quiet)","                callback()","              }","            } else {","              createApp(comboOpts)","            }","          })","        }","","        if (common.isPlatformMac(combination.platform)) {","          testSymlink(function (result) {","            if (result) return checkOverwrite()","","            common.info(`Cannot create symlinks (on Windows hosts, it requires admin privileges); skipping ${combination.platform} platform`, opts.quiet)","            callback()","          })","        } else {","          checkOverwrite()","        }","      })","    }","  }))","}","","module.exports = function packager (opts, cb) {","  debugHostInfo()","  if (debug.enabled) debug(`Packager Options: ${JSON.stringify(opts)}`)","","  let archs = targets.validateListFromOptions(opts, targets.supportedArchs, 'arch')","  let platforms = targets.validateListFromOptions(opts, targets.supportedPlatforms, 'platform')","  if (!Array.isArray(archs)) return cb(archs)","  if (!Array.isArray(platforms)) return cb(platforms)","","  debug(`Target Platforms: ${platforms.join(', ')}`)","  debug(`Target Architectures: ${archs.join(', ')}`)","","  common.deprecatedParameter(opts, 'version', 'electronVersion', 'electron-version')","","  common.camelCase(opts, true)","","  getMetadataFromPackageJSON(opts, path.resolve(process.cwd(), opts.dir) || process.cwd(), function (err) {","    if (err) return cb(err)","","    if (/ Helper$/.test(opts.name)) {","      return cb(new Error('Application names cannot end in \" Helper\" due to limitations on macOS'))","    }","","    debug(`Application name: ${opts.name}`)","    debug(`Target Electron version: ${opts.electronVersion}`)","","    ignore.generateIgnores(opts)","","    series(createSeries(opts, archs, platforms), function (err, appPaths) {","      if (err) return cb(err)","","      cb(null, appPaths.filter(function (appPath) {","        // Remove falsy entries (e.g. skipped platforms)","        return appPath","      }))","    })","  })","}",""],"l":{"3":1,"4":1,"5":1,"6":1,"7":1,"8":1,"9":1,"10":1,"11":1,"12":1,"14":1,"15":0,"16":0,"17":0,"20":1,"21":0,"23":1,"24":0,"25":0,"26":0,"27":0,"29":0,"32":0,"35":0,"36":0,"37":0,"42":0,"43":0,"44":0,"45":0,"46":0,"49":0,"50":0,"51":0,"52":0,"54":0,"55":0,"56":0,"58":1,"59":0,"60":0,"61":0,"63":0,"65":0,"66":0,"67":0,"69":0,"70":0,"73":0,"74":0,"77":0,"78":0,"80":0,"81":0,"83":0,"87":0,"92":0,"93":0,"94":0,"95":0,"96":0,"98":0,"99":0,"100":0,"103":1,"104":0,"105":0,"106":0,"107":0,"108":0,"109":0,"112":0,"113":0,"116":0,"121":0,"122":0,"123":0,"125":0,"126":0,"129":0,"136":1,"137":0,"138":0,"140":0,"141":0,"142":0,"143":0,"145":0,"146":0,"148":0,"150":0,"152":0,"153":0,"155":0,"156":0,"159":0,"160":0,"162":0,"164":0,"165":0,"167":0,"169":0}},"/home/travis/build/npmtest/node-npmtest-electron-packager/electron-packager/common.js":{"path":"/home/travis/build/npmtest/node-npmtest-electron-packager/electron-packager/common.js","s":{"1":1,"2":1,"3":1,"4":1,"5":1,"6":1,"7":1,"8":1,"9":1,"10":1,"11":1,"12":1,"13":1,"14":1,"15":1,"16":0,"17":0,"18":0,"19":0,"20":0,"21":0,"22":0,"23":0,"24":0,"25":0,"26":0,"27":0,"28":0,"29":0,"30":0,"31":0,"32":0,"33":0,"34":1,"35":0,"36":0,"37":0,"38":0,"39":0,"40":0,"41":0,"42":0,"43":0,"44":1,"45":0,"46":1,"47":0,"48":1,"49":0,"50":1,"51":0,"52":1,"53":0,"54":0,"55":1,"56":0,"57":0,"58":1,"59":0,"60":0,"61":0,"62":1,"63":0,"64":1,"65":0,"66":0,"67":0,"68":0,"69":0,"70":0,"71":0,"72":0,"73":0,"74":0,"75":1,"76":0,"77":0,"78":0,"79":0,"80":0,"81":1,"82":0,"83":0,"84":0,"85":0,"86":0,"87":0,"88":0,"89":0,"90":0,"91":0,"92":0,"93":0,"94":0,"95":0,"96":0,"97":0,"98":0,"99":0,"100":0,"101":0,"102":0,"103":0,"104":0,"105":0,"106":0,"107":0,"108":0,"109":0,"110":0,"111":0,"112":0,"113":0,"114":0,"115":0,"116":0,"117":0,"118":0,"119":0,"120":0,"121":0,"122":0,"123":0,"124":0,"125":0,"126":0,"127":0,"128":0,"129":0,"130":0,"131":0,"132":0,"133":0,"134":0,"135":0,"136":0,"137":0,"138":0,"139":0,"140":0,"141":0,"142":0,"143":0,"144":0,"145":0,"146":0,"147":0,"148":0,"149":0,"150":0,"151":0,"152":0,"153":0,"154":0,"155":0,"156":0},"b":{"1":[0,0],"2":[0,0],"3":[0,0],"4":[0,0,0],"5":[0,0],"6":[0,0],"7":[0,0],"8":[0,0],"9":[0,0],"10":[0,0],"11":[0,0],"12":[0,0],"13":[0,0],"14":[0,0],"15":[0,0],"16":[0,0],"17":[0,0],"18":[0,0],"19":[0,0],"20":[0,0],"21":[0,0],"22":[0,0],"23":[0,0],"24":[0,0],"25":[0,0],"26":[0,0],"27":[0,0],"28":[0,0],"29":[0,0],"30":[0,0],"31":[0,0],"32":[0,0],"33":[0,0],"34":[0,0],"35":[0,0],"36":[0,0],"37":[0,0],"38":[0,0],"39":[0,0],"40":[0,0],"41":[0,0],"42":[0,0],"43":[0,0],"44":[0,0],"45":[0,0]},"f":{"1":0,"2":0,"3":0,"4":0,"5":0,"6":0,"7":0,"8":0,"9":0,"10":0,"11":0,"12":0,"13":0,"14":0,"15":0,"16":0,"17":0,"18":0,"19":0,"20":0,"21":0,"22":0,"23":0,"24":0,"25":0,"26":0,"27":0,"28":0,"29":0,"30":0,"31":0,"32":0,"33":0,"34":0,"35":0,"36":0},"fnMap":{"1":{"name":"parseCLIArgs","line":19,"loc":{"start":{"line":19,"column":0},"end":{"line":19,"column":29}}},"2":{"name":"(anonymous_2)","line":50,"loc":{"start":{"line":50,"column":41},"end":{"line":50,"column":62}}},"3":{"name":"asarApp","line":79,"loc":{"start":{"line":79,"column":0},"end":{"line":79,"column":44}}},"4":{"name":"(anonymous_4)","line":82,"loc":{"start":{"line":82,"column":60},"end":{"line":82,"column":75}}},"5":{"name":"(anonymous_5)","line":84,"loc":{"start":{"line":84,"column":23},"end":{"line":84,"column":38}}},"6":{"name":"isPlatformMac","line":91,"loc":{"start":{"line":91,"column":0},"end":{"line":91,"column":34}}},"7":{"name":"sanitizeAppName","line":95,"loc":{"start":{"line":95,"column":0},"end":{"line":95,"column":32}}},"8":{"name":"generateFinalBasename","line":99,"loc":{"start":{"line":99,"column":0},"end":{"line":99,"column":38}}},"9":{"name":"generateFinalPath","line":103,"loc":{"start":{"line":103,"column":0},"end":{"line":103,"column":34}}},"10":{"name":"info","line":107,"loc":{"start":{"line":107,"column":0},"end":{"line":107,"column":31}}},"11":{"name":"warning","line":113,"loc":{"start":{"line":113,"column":0},"end":{"line":113,"column":34}}},"12":{"name":"subOptionWarning","line":119,"loc":{"start":{"line":119,"column":0},"end":{"line":119,"column":76}}},"13":{"name":"baseTempDir","line":126,"loc":{"start":{"line":126,"column":0},"end":{"line":126,"column":28}}},"14":{"name":"createAsarOpts","line":130,"loc":{"start":{"line":130,"column":0},"end":{"line":130,"column":31}}},"15":{"name":"createDownloadOpts","line":146,"loc":{"start":{"line":146,"column":0},"end":{"line":146,"column":51}}},"16":{"name":"createDownloadCombos","line":170,"loc":{"start":{"line":170,"column":24},"end":{"line":170,"column":107}}},"17":{"name":"deprecatedParameter","line":186,"loc":{"start":{"line":186,"column":23},"end":{"line":186,"column":95}}},"18":{"name":"camelCase","line":210,"loc":{"start":{"line":210,"column":13},"end":{"line":210,"column":51}}},"19":{"name":"(anonymous_19)","line":211,"loc":{"start":{"line":211,"column":56},"end":{"line":211,"column":71}}},"20":{"name":"downloadElectronZip","line":225,"loc":{"start":{"line":225,"column":23},"end":{"line":225,"column":71}}},"21":{"name":"initializeApp","line":240,"loc":{"start":{"line":240,"column":17},"end":{"line":240,"column":88}}},"22":{"name":"(anonymous_22)","line":262,"loc":{"start":{"line":262,"column":6},"end":{"line":262,"column":20}}},"23":{"name":"(anonymous_23)","line":265,"loc":{"start":{"line":265,"column":6},"end":{"line":265,"column":20}}},"24":{"name":"(anonymous_24)","line":275,"loc":{"start":{"line":275,"column":6},"end":{"line":275,"column":20}}},"25":{"name":"(anonymous_25)","line":276,"loc":{"start":{"line":276,"column":56},"end":{"line":276,"column":79}}},"26":{"name":"(anonymous_26)","line":277,"loc":{"start":{"line":277,"column":17},"end":{"line":277,"column":31}}},"27":{"name":"(anonymous_27)","line":283,"loc":{"start":{"line":283,"column":6},"end":{"line":283,"column":20}}},"28":{"name":"(anonymous_28)","line":287,"loc":{"start":{"line":287,"column":6},"end":{"line":287,"column":20}}},"29":{"name":"(anonymous_29)","line":295,"loc":{"start":{"line":295,"column":22},"end":{"line":295,"column":36}}},"30":{"name":"(anonymous_30)","line":303,"loc":{"start":{"line":303,"column":22},"end":{"line":303,"column":36}}},"31":{"name":"(anonymous_31)","line":308,"loc":{"start":{"line":308,"column":23},"end":{"line":308,"column":38}}},"32":{"name":"finalizeApp","line":315,"loc":{"start":{"line":315,"column":11},"end":{"line":315,"column":59}}},"33":{"name":"(anonymous_33)","line":324,"loc":{"start":{"line":324,"column":33},"end":{"line":324,"column":48}}},"34":{"name":"normalizeExt","line":329,"loc":{"start":{"line":329,"column":16},"end":{"line":329,"column":64}}},"35":{"name":"(anonymous_35)","line":342,"loc":{"start":{"line":342,"column":22},"end":{"line":342,"column":37}}},"36":{"name":"rename","line":347,"loc":{"start":{"line":347,"column":10},"end":{"line":347,"column":59}}}},"statementMap":{"1":{"start":{"line":3,"column":0},"end":{"line":3,"column":28}},"2":{"start":{"line":4,"column":0},"end":{"line":4,"column":38}},"3":{"start":{"line":5,"column":0},"end":{"line":5,"column":51}},"4":{"start":{"line":6,"column":0},"end":{"line":6,"column":45}},"5":{"start":{"line":7,"column":0},"end":{"line":7,"column":30}},"6":{"start":{"line":8,"column":0},"end":{"line":8,"column":34}},"7":{"start":{"line":9,"column":0},"end":{"line":9,"column":36}},"8":{"start":{"line":10,"column":0},"end":{"line":10,"column":24}},"9":{"start":{"line":11,"column":0},"end":{"line":11,"column":28}},"10":{"start":{"line":12,"column":0},"end":{"line":12,"column":45}},"11":{"start":{"line":13,"column":0},"end":{"line":13,"column":32}},"12":{"start":{"line":14,"column":0},"end":{"line":14,"column":36}},"13":{"start":{"line":16,"column":0},"end":{"line":16,"column":39}},"14":{"start":{"line":17,"column":0},"end":{"line":17,"column":53}},"15":{"start":{"line":19,"column":0},"end":{"line":77,"column":1}},"16":{"start":{"line":20,"column":2},"end":{"line":38,"column":4}},"17":{"start":{"line":40,"column":2},"end":{"line":40,"column":22}},"18":{"start":{"line":41,"column":2},"end":{"line":41,"column":23}},"19":{"start":{"line":44,"column":2},"end":{"line":44,"column":39}},"20":{"start":{"line":46,"column":2},"end":{"line":46,"column":54}},"21":{"start":{"line":47,"column":2},"end":{"line":47,"column":56}},"22":{"start":{"line":49,"column":2},"end":{"line":53,"column":3}},"23":{"start":{"line":50,"column":4},"end":{"line":52,"column":6}},"24":{"start":{"line":51,"column":6},"end":{"line":51,"column":56}},"25":{"start":{"line":55,"column":2},"end":{"line":57,"column":3}},"26":{"start":{"line":56,"column":4},"end":{"line":56,"column":19}},"27":{"start":{"line":62,"column":2},"end":{"line":64,"column":3}},"28":{"start":{"line":63,"column":4},"end":{"line":63,"column":20}},"29":{"start":{"line":67,"column":2},"end":{"line":69,"column":3}},"30":{"start":{"line":68,"column":4},"end":{"line":68,"column":23}},"31":{"start":{"line":72,"column":2},"end":{"line":74,"column":3}},"32":{"start":{"line":73,"column":4},"end":{"line":73,"column":23}},"33":{"start":{"line":76,"column":2},"end":{"line":76,"column":13}},"34":{"start":{"line":79,"column":0},"end":{"line":89,"column":1}},"35":{"start":{"line":80,"column":2},"end":{"line":80,"column":49}},"36":{"start":{"line":81,"column":2},"end":{"line":81,"column":71}},"37":{"start":{"line":82,"column":2},"end":{"line":88,"column":4}},"38":{"start":{"line":83,"column":4},"end":{"line":83,"column":27}},"39":{"start":{"line":83,"column":13},"end":{"line":83,"column":27}},"40":{"start":{"line":84,"column":4},"end":{"line":87,"column":6}},"41":{"start":{"line":85,"column":6},"end":{"line":85,"column":29}},"42":{"start":{"line":85,"column":15},"end":{"line":85,"column":29}},"43":{"start":{"line":86,"column":6},"end":{"line":86,"column":20}},"44":{"start":{"line":91,"column":0},"end":{"line":93,"column":1}},"45":{"start":{"line":92,"column":2},"end":{"line":92,"column":52}},"46":{"start":{"line":95,"column":0},"end":{"line":97,"column":1}},"47":{"start":{"line":96,"column":2},"end":{"line":96,"column":43}},"48":{"start":{"line":99,"column":0},"end":{"line":101,"column":1}},"49":{"start":{"line":100,"column":2},"end":{"line":100,"column":70}},"50":{"start":{"line":103,"column":0},"end":{"line":105,"column":1}},"51":{"start":{"line":104,"column":2},"end":{"line":104,"column":74}},"52":{"start":{"line":107,"column":0},"end":{"line":111,"column":1}},"53":{"start":{"line":108,"column":2},"end":{"line":110,"column":3}},"54":{"start":{"line":109,"column":4},"end":{"line":109,"column":26}},"55":{"start":{"line":113,"column":0},"end":{"line":117,"column":1}},"56":{"start":{"line":114,"column":2},"end":{"line":116,"column":3}},"57":{"start":{"line":115,"column":4},"end":{"line":115,"column":39}},"58":{"start":{"line":119,"column":0},"end":{"line":124,"column":1}},"59":{"start":{"line":120,"column":2},"end":{"line":122,"column":3}},"60":{"start":{"line":121,"column":4},"end":{"line":121,"column":87}},"61":{"start":{"line":123,"column":2},"end":{"line":123,"column":31}},"62":{"start":{"line":126,"column":0},"end":{"line":128,"column":1}},"63":{"start":{"line":127,"column":2},"end":{"line":127,"column":67}},"64":{"start":{"line":130,"column":0},"end":{"line":144,"column":1}},"65":{"start":{"line":131,"column":2},"end":{"line":131,"column":17}},"66":{"start":{"line":132,"column":2},"end":{"line":141,"column":3}},"67":{"start":{"line":133,"column":4},"end":{"line":133,"column
[...]
","  // Avoid a circular require that breaks things","  const common = require('./common')","","  let normalizedOut = opts.out ? path.resolve(opts.out) : null","  let outIgnores = []","  if (normalizedOut === null || normalizedOut === process.cwd()) {","    for (let platform of common.platforms) {","      for (let arch of common.archs) {","        let basenameOpts = {","          arch: arch,","          name: opts.name,","          platform: platform","        }","        outIgnores.push(path.join(process.cwd(), common.generateFinalBasename(basenameOpts)))","      }","    }","  } else {","    outIgnores.push(normalizedOut)","  }","","  debug('Ignored paths based on the out param:', outIgnores)","","  return outIgnores","}","","function userIgnoreFilter (opts) {","  var ignore = opts.ignore || []","  var ignoreFunc = null","","  if (typeof (ignore) === 'function') {","    ignoreFunc = file => { return !ignore(file) }","  } else {","    if (!Array.isArray(ignore)) ignore = [ignore]","","    ignoreFunc = function filterByRegexes (file) {","      for (var i = 0; i < ignore.length; i++) {","        if (file.match(ignore[i])) {","          return false","        }","      }","","      return true","    }","  }","","  let outIgnores = generateOutIgnores(opts)","","  return function filter (file) {","    if (outIgnores.indexOf(file) !== -1) {","      return false","    }","","    var name = file.split(path.resolve(opts.dir))[1]","","    if (path.sep === '\\\\') {","      // convert slashes so unix-format ignores work","      name = name.replace(/\\\\/g, '/')","    }","","    return ignoreFunc(name)","  }","}","","module.exports = {","  generateIgnores: generateIgnores,","  generateOutIgnores: generateOutIgnores,","  userIgnoreFilter: userIgnoreFilter","}",""],"l":{"3":1,"4":1,"6":1,"15":1,"16":0,"18":0,"20":0,"21":0,"22":0,"23":0,"26":0,"30":1,"32":0,"34":0,"35":0,"36":0,"37":0,"38":0,"39":0,"44":0,"48":0,"51":0,"53":0,"56":1,"57":0,"58":0,"60":0,"61":0,"63":0,"65":0,"66":0,"67":0,"68":0,"72":0,"76":0,"78":0,"79":0,"80":0,"83":0,"85":0,"87":0,"90":0,"94":1}},"/home/travis/build/npmtest/node-npmtest-electron-packager/electron-packager/infer.js":{"path":"/home/travis/build/npmtest/node-npmtest-electron-packager/electron-packager/infer.js","s":{"1":1,"2":1,"3":1,"4":1,"5":1,"6":0,"7":0,"8":0,"9":1,"10":0,"11":0,"12":0,"13":0,"14":0,"15":0,"16":0,"17":0,"18":0,"19":0,"20":0,"21":1,"22":0,"23":0,"24":0,"25":0,"26":0,"27":0,"28":0,"29":0,"30":0,"31":0,"32":0,"33":0,"34":0,"35":0,"36":0,"37":0,"38":1,"39":0,"40":0,"41":0,"42":0,"43":0,"44":0,"45":0,"46":0,"47":0,"48":0,"49":0,"50":0,"51":0,"52":0,"53":0,"54":0,"55":0,"56":0,"57":0,"58":0,"59":0,"60":0,"61":0,"62":0,"63":0,"64":0,"65":0,"66":0,"67":0,"68":0},"b":{"1":[0,0],"2":[0,0,0],"3":[0,0],"4":[0,0],"5":[0,0],"6":[0,0],"7":[0,0],"8":[0,0],"9":[0,0],"10":[0,0],"11":[0,0],"12":[0,0],"13":[0,0],"14":[0,0],"15":[0,0],"16":[0,0],"17":[0,0]},"f":{"1":0,"2":0,"3":0,"4":0},"fnMap":{"1":{"name":"isMissingRequiredProperty","line":8,"loc":{"start":{"line":8,"column":0},"end":{"line":8,"column":43}}},"2":{"name":"errorMessageForProperty","line":15,"loc":{"start":{"line":15,"column":0},"end":{"line":15,"column":40}}},"3":{"name":"getVersion","line":36,"loc":{"start":{"line":36,"column":0},"end":{"line":36,"column":45}}},"4":{"name":"getMetadataFromPackageJSON","line":64,"loc":{"start":{"line":64,"column":17},"end":{"line":64,"column":69}}}},"statementMap":{"1":{"start":{"line":3,"column":0},"end":{"line":3,"column":51}},"2":{"start":{"line":4,"column":0},"end":{"line":4,"column":50}},"3":{"start":{"line":5,"column":0},"end":{"line":5,"column":28}},"4":{"start":{"line":6,"column":0},"end":{"line":6,"column":34}},"5":{"start":{"line":8,"column":0},"end":{"line":13,"column":1}},"6":{"start":{"line":9,"column":2},"end":{"line":11,"column":3}},"7":{"start":{"line":10,"column":14},"end":{"line":10,"column":72}},"8":{"start":{"line":12,"column":2},"end":{"line":12,"column":35}},"9":{"start":{"line":15,"column":0},"end":{"line":34,"column":1}},"10":{"start":{"line":16,"column":2},"end":{"line":16,"column":27}},"11":{"start":{"line":17,"column":2},"end":{"line":29,"column":3}},"12":{"start":{"line":19,"column":6},"end":{"line":19,"column":19}},"13":{"start":{"line":20,"column":6},"end":{"line":20,"column":42}},"14":{"start":{"line":21,"column":6},"end":{"line":21,"column":11}},"15":{"start":{"line":23,"column":6},"end":{"line":23,"column":30}},"16":{"start":{"line":24,"column":6},"end":{"line":24,"column":42}},"17":{"start":{"line":25,"column":6},"end":{"line":25,"column":11}},"18":{"start":{"line":27,"column":6},"end":{"line":27,"column":15}},"19":{"start":{"line":28,"column":6},"end":{"line":28,"column":44}},"20":{"start":{"line":31,"column":2},"end":{"line":33,"column":94}},"21":{"start":{"line":36,"column":0},"end":{"line":62,"column":1}},"22":{"start":{"line":38,"column":2},"end":{"line":38,"column":48}},"23":{"start":{"line":39,"column":2},"end":{"line":39,"column":30}},"24":{"start":{"line":40,"column":2},"end":{"line":40,"column":34}},"25":{"start":{"line":41,"column":2},"end":{"line":41,"column":30}},"26":{"start":{"line":42,"column":2},"end":{"line":61,"column":3}},"27":{"start":{"line":45,"column":4},"end":{"line":45,"column":66}},"28":{"start":{"line":46,"column":4},"end":{"line":48,"column":5}},"29":{"start":{"line":47,"column":6},"end":{"line":47,"column":130}},"30":{"start":{"line":50,"column":4},"end":{"line":50,"column":42}},"31":{"start":{"line":51,"column":4},"end":{"line":51,"column":19}},"32":{"start":{"line":53,"column":4},"end":{"line":60,"column":6}},"33":{"start":{"line":56,"column":6},"end":{"line":56,"column":29}},"34":{"start":{"line":56,"column":15},"end":{"line":56,"column":29}},"35":{"start":{"line":57,"column":6},"end":{"line":57,"column":78}},"36":{"start":{"line":58,"column":6},"end":{"line":58,"column":40}},"37":{"start":{"line":59,"column":6},"end":{"line":59,"column":21}},"38":{"start":{"line":64,"column":0},"end":{"line":119,"column":1}},"39":{"start":{"line":65,"column":2},"end":{"line":65,"column":16}},"40":{"start":{"line":66,"column":2},"end":{"line":66,"column":53}},"41":{"start":{"line":66,"column":18},"end":{"line":66,"column":53}},"42":{"start":{"line":67,"column":2},"end":{"line":67,"column":45}},"43":{"start":{"line":67,"column":24},"end":{"line":67,"column":45}},"44":{"start":{"line":68,"column":2},"end":{"line":77,"column":3}},"45":{"start":{"line":69,"column":4},"end":{"line":76,"column":6}},"46":{"start":{"line":80,"column":2},"end":{"line":80,"column":41}},"47":{"start":{"line":80,"column":26},"end":{"line":80,"column":41}},"48":{"start":{"line":83,"column":2},"end":{"line":118,"column":4}},"49":{"start":{"line":84,"column":4},"end":{"line":101,"column":5}},"50":{"start":{"line":85,"column":6},"end":{"line":87,"column":8}},"51":{"start":{"line":86,"column":8},"end":{"line":86,"column":51}},"52":{"start":{"line":89,"column":6},"end":{"line":98,"column":7}},"53":{"start":{"line":90,"column":8},"end":{"line":90,"column":64}},"54":{"start":{"line":92,"column":8},"end":{"line":92,"column":26}},"55":{"start":{"line":93,"column":8},"end":{"line":93,"column":48}},"56":{"start":{"line":94,"column":8},"end":{"line":94,"column":22}},"57":{"start":{"line":97,"column":8},"end":{"line":97,"column":27}},"58":{"start":{"line":99,"column":11},"end":{"line":101,"column":5}},"59":{"start":{"line":100,"column":6},"end":{"line":100,"column":20}},"60":{"start":{"line":103,"column":4},"end":{"line":106,"column":5}},"61":{"start":{"line":104,"column":6},"end":{"line":104,"column":116}},"62":{"start":{"line":105,"column":6},"end":{"line":105,"column":43}},"63":{"start":{"line":108,"column":4},"end":{"line":111,"column":5}},"64":{"start":{"line":109,"column":6},"end":{"line":109,"column":80}},"65":{"start":{"line":110,"column":6},"end":{"line":110,"column":45}},"66":{"start":{"line":113,"column":4},"end":{"line":117,"column":5}},"67":{"start":{"line":114,"column":6},"end":{"line":114,"column":73}},"68":{"start":{"line":116,"column":6},"end":{"line":116,"column":21}}},"branchMap":{"1":{"line":10,"type":"binary-expr","locations":[{"start":{"line":10,"column":14},"end":{"line":10,"column":36}},{"start":{"line":10,"column":40},"end":{"line":10,"column":72}}]},"2":{"line":17,"type":"switch","locations":[{"start":{"line":18,"column":4},"end":{"line":21,"column":11}},{"start":{"line":22,"column":4},"end":{"line":25,"column":11}},{"start":{"line":26,"column":4},"end":{"line":28,"column":44}}]},"3":{"line":42,"type":"if","locations":[{"start":{"line":42,"column":2},"end":{"line":42,"column":2}},{"start":{"line":42,"column":2},"end":{"line":42,"column":2}}]},"4":{"line":46,"type":"if","locations":[{"start":{"line":46,"column":4},"end":{"line":46,"column":4}},{"start":{"line":46,"column":4},"end":{"line":46,"column":4}}]},"5":{"line":56,"type":"if","locations":[{"start":{"line":56,"column":6},"end":{"line":56,"column":6}},{"start":{"line":56,"column":6},"end":{"line":56,"column":6}}]},"6":{"line":66,"type":"if","locations":[{"start":{"line":66,"column":2},"end":{"line":66,"column":2}},{"start":{"line":66,"column":2},"end":{"line":66,"column":2}}]},"7":{"line":67,"type":"if","locations":[{"start":{"line":67,"column":2},"end":{"line":67,"column":2}},{"start":{"line":67,"column":2},"end":{"line":67,"column":2}}]},"8":{"line":68,"type":"if","locations":[{"start":{"line":68,"column":2},"end":{"line":68,"column":2}},{"start":{"line":68,"column":2},"end":{"line":68,"column":2}}]},"9":{"line":80,"type":"if","locations":[{"start":{"line":80,"column":2},"end":{"line":80,"column":2}},{"start":{"line":80,"column":2},"end":{"line":80,"column":2}}]},"10":{"line":84,"type":"if","locations":[{"start":{"line":84,"column":4},"end":{"line":84,"column":4}},{"start":{"line":84,"column":4},"end":{"line":84,"column":4}}]},"11":{"line":84,"type":"binary-expr","locations":[{"start":{"line":84,"column":8},"end":{"line":84,"column":11}},{"start":{"line":84,"column":15},"end":{"line":84,"column":31}}]},"12":{"line":86,"type":"cond-expr","locations":[{"start":{"line":86,"column":37},"end":{"line":86,"column":44}},{"start":{"line":86,"column":47},"end":{"line":86,"column":51}}]},"13":{"line":89,"type":"if","locations":[{"start":{"line":89,"column":6},"end":{"line":89,"column":6}},{"start":{"line":89,"column":6},"end":{"line":89,"column":6}}]},"14":{"line":99,"type":"if","locations":[{"start":{"line":99,"column":11},"end":{"line":99,"column":11}},{"start":{"line":99,"column":11},"end":{"line":99,"column":11}}]},"15":{"line":103,"type":"if","locations":[{"start":{"line":103,"column":4},"end":{"line":103,"column":4}},{"start":{"line":103,"column":4},"end":{"line":103,"column":4}}]},"16":{"line":108,"type":"if","locations":[{"start":{"line":108,"column":4},"end":{"line":108,"column":4}},{"start":{"line":108,"column":4},"end":{"line":108,"column":4}}]},"17":{"line":113,"type":"if","locations":[{"start":{"line":113,"column":4},"end":{"line":113,"column":4}},{"start":{"line":113,"column":4},"end":{"line":113,"column":4}}]}},"code":["'use strict'","","const debug = require('debug')('electron-packager')","const getPackageInfo = require('get-package-info')","const path = require('path')","const resolve = require('resolve')","","function isMissingRequiredProperty (props) {","  var requiredProps = props.filter(","    (prop) => prop === 'productName' || prop === 'dependencies.electron'","  )","  return requiredProps.length !== 0","}","","function errorMessageForProperty (prop) {","  let hash, propDescription","  switch (prop) {","    case 'productName':","      hash = 'name'","      propDescription = 'application name'","      break","    case 'dependencies.electron':","      hash = 'electronversion'","      propDescription = 'Electron version'","      break","    default:","      hash = ''","      propDescription = '[Unknown Property]'","  }","","  return `Unable to determine ${propDescription}. Please specify an ${propDescription}\\n\\n` +","    'For more information, please see\\n' +","    `https://github.com/electron-userland/electron-packager/blob/master/docs/api.md#${hash}\\n`","}","","function getVersion (opts, electronProp, cb) {","  // Destructured assignments are added in Node 6","  const splitProp = electronProp.prop.split('.')","  const depType = splitProp[0]","  const packageName = splitProp[1]","  const src = electronProp.src","  if (packageName === 'electron-prebuilt-compile') {","    // electron-prebuilt-compile cannot be resolved because `main` does not point","    // to a valid JS file.","    const electronVersion = electronProp.pkg[depType][packageName]","    if (!/^\\d+\\.\\d+\\.\\d+/.test(electronVersion)) {","      return cb(new Error('Using electron-prebuilt-compile with Electron Packager requires specifying an exact Electron version'))","    }","","    opts.electronVersion = electronVersion","    return cb(null)","  } else {","    resolve(packageName, {","      basedir: path.dirname(src)","    }, (err, res, pkg) => {","      if (err) return cb(err)","      debug(`Inferring target Electron version from ${packageName} in ${src}`)","      opts.electronVersion = pkg.version","      return cb(null)","    })","  }","}","","module.exports = function getMetadataFromPackageJSON (opts, dir, cb) {","  let props = []","  if (!opts.name) props.push(['productName', 'name'])","  if (!opts.appVersion) props.push('version')","  if (!opts.electronVersion) {","    props.push([","      'dependencies.electron',","      'devDependencies.electron',","      'dependencies.electron-prebuilt-compile',","      'devDependencies.electron-prebuilt-compile',","      'dependencies.electron-prebuilt',","      'devDependencies.electron-prebuilt'","    ])","  }","","  // Name and version provided, no need to infer","  if (props.length === 0) return cb(null)","","  // Search package.json files to infer name and version from","  getPackageInfo(props, dir, (err, result) => {","    if (err && err.missingProps) {","      let missingProps = err.missingProps.map(prop => {","        return Array.isArray(prop) ? prop[0] : prop","      })","","      if (isMissingRequiredProperty(missingProps)) {","        let messages = missingProps.map(errorMessageForProperty)","","        debug(err.message)","        err.message = messages.join('\\n') + '\\n'","        return cb(err)","      } else {","        // Missing props not required, can continue w/ partial result","        result = err.result","      }","    } else if (err) {","      return cb(err)","    }","","    if (result.values.productName) {","      debug(`Inferring application name from ${result.source.productName.prop} in ${result.source.productName.src}`)","      opts.name = result.values.productName","    }","","    if (result.values.version) {","      debug(`Inferring appVersion from version in ${result.source.version.src}`)","      opts.appVersion = result.values.version","    }","","    if (result.values['dependencies.electron']) {","      return getVersion(opts, result.source['dependencies.electron'], cb)","    } else {","      return cb(null)","    }","  })","}",""],"l":{"3":1,"4":1,"5":1,"6":1,"8":1,"9":0,"10":0,"12":0,"15":1,"16":0,"17":0,"19":0,"20":0,"21":0,"23":0,"24":0,"25":0,"27":0,"28":0,"31":0,"36":1,"38":0,"39":0,"40":0,"41":0,"42":0,"45":0,"46":0,"47":0,"50":0,"51":0,"53":0,"56":0,"57":0,"58":0,"59":0,"64":1,"65":0,"66":0,"67":0,"68":0,"69":0,"80":0,"83":0,"84":0,"85":0,"86":0,"89":0,"90":0,"92":0,"93":0,"94":0,"97":0,"99":0,"100":0,"103":0,"104":0,"105":0,"108":0,"109":0,"110":0,"113":0,"114":0,"116":0}},"/home/travis/build/npmtest/node-npmtest-electron-packager/electron-packager/targets.js":{"path":"/home/travis/build/npmtest/node-npmtest-electron-packager/electron-packager/targets.js","s":{"1":1,"2":1,"3":0,"4":1,"5":3,"6":3,"7":0,"8":0,"9":0,"10":0,"11":0,"12":0,"13":0,"14":0,"15":0,"16":0,"17":0,"18":0,"19":0},"b":{"1":[0,0],"2":[0,0],"3":[0,0],"4":[0,0],"5":[0,0],"6":[0,0]},"f":{"1":0,"2":0},"fnMap":{"1":{"name":"unsupportedListOption","line":5,"loc":{"start":{"line":5,"column":0},"end":{"line":5,"column":56}}},"2":{"name":"validateListFromOptions","line":24,"loc":{"start":{"line":24,"column":27},"end":{"line":24,"column":84}}}},"statementMap":{"1":{"start":{"line":3,"column":0},"end":{"line":3,"column":34}},"2":{"start":{"line":5,"column":0},"end":{"line":7,"column":1}},"3":{"start":{"line":6,"column":2},"end":{"line":6,"column":133}},"4":{"start":{"line":9,"column":0},"end":{"line":46,"column":1}},"5":{"start":{"line":11,"column":4},"end":{"line":11,"column":23}},"6":{"start":{"line":12,"column":4},"end":{"line":12,"column":17}},"7":{"start":{"line":25,"column":4},"end":{"line":25,"column":47}},"8":{"start":{"line":25,"column":18},"end":{"line":25,"column":47}},"9":{"start":{"line":27,"column":4},"end":{"line":27,"column":42}},"10":{"start":{"line":28,"column":4},"end":{"line":28,"column":53}},"11":{"start":{"line":28,"column":24},"end":{"line":28,"column":53}},"12":{"start":{"line":30,"column":4},"end":{"line":36,"column":5}},"13":{"start":{"line":31,"column":6},"end":{"line":35,"column":7}},"14":{"start":{"line":32,"column":8},"end":{"line":32,"column":30}},"15":{"start":{"line":34,"column":8},"end":{"line":34,"column":59}},"16":{"start":{"line":38,"column":4},"end":{"line":42,"column":5}},"17":{"start":{"line":39,"column":6},"end":{"line":41,"column":7}},"18":{"start":{"line":40,"column":8},"end":{"line":40,"column":60}},"19":{"start":{"line":44,"column":4},"end":{"line":44,"column":15}}},"branchMap":{"1":{"line":25,"type":"if","locations":[{"start":{"line":25,"column":4},"end":{"line":25,"column":4}},{"start":{"line":25,"column":4},"end":{"line":25,"column":4}}]},"2":{"line":27,"type":"binary-expr","locations":[{"start":{"line":27,"column":15},"end":{"line":27,"column":25}},{"start":{"line":27,"column":29},"end":{"line":27,"column":42}}]},"3":{"line":28,"type":"if","locations":[{"start":{"line":28,"column":4},"end":{"line":28,"column":4}},{"start":{"line":28,"column":4},"end":{"line":28,"column":4}}]},"4":{"line":30,"type":"if","locations":[{"start":{"line":30,"column":4},"end":{"line":30,"column":4}},{"start":{"line":30,"column":4},"end":{"line":30,"column":4}}]},"5":{"line":31,"type":"if","locations":[{"start":{"line":31,"column":6},"end":{"line":31,"column":6}},{"start":{"line":31,"column":6},"end":{"line":31,"column":6}}]},"6":{"line":39,"type":"if","locations":[{"start":{"line":39,"column":6},"end":{"line":39,"column":6}},{"start":{"line":39,"column":6},"end":{"line":39,"column":6}}]}},"code":["'use strict'","","const common = require('./common')","","function unsupportedListOption (name, value, supported) {","  return new Error(`Unsupported ${name}=${value} (${typeof value}); must be a String matching: ${Object.keys(supported).join(', ')}`)","}","","module.exports = {","  supportedArchs: common.archs.reduce((result, arch) => {","    result[arch] = true","    return result","  }, {}),","  // Maps to module filename for each platform (lazy-required if used)","  supportedPlatforms: {","    darwin: './mac',","    linux: './linux',","    mas: './mac', // map to darwin","    win32: './win32'","  },","","  // Validates list of architectures or platforms.","  // Returns a normalized array if successful, or throws an Error.","  validateListFromOptions: function validateListFromOptions (opts, supported, name) {","    if (opts.all) return Object.keys(supported)","","    let list = opts[name] || process[name]","    if (list === 'all') return Object.keys(supported)","","    if (!Array.isArray(list)) {","      if (typeof list === 'string') {","        list = list.split(',')","      } else {","        return unsupportedListOption(name, list, supported)","      }","    }","","    for (let value of list) {","      if (!supported[value]) {","        return unsupportedListOption(name, value, supported)","      }","    }","","    return list","  }","}",""],"l":{"3":1,"5":1,"6":0,"9":1,"11":3,"12":3,"25":0,"27":0,"28":0,"30":0,"31":0,"32":0,"34":0,"38":0,"39":0,"40":0,"44":0}}}